[0.018s] Invoking command in '/home/prince/Desktop/ros2_2ndsem/build/my_robot_bringup': CMAKE_PREFIX_PATH=/home/prince/Desktop/ros2_2ndsem/install/my_robot_description:/home/prince/Desktop/ros2_2ndsem/install/my_robot_bringup:/home/prince/ros2_ws/install/my_pkg_cpp:/opt/ros/jazzy/opt/gz_sim_vendor:/opt/ros/jazzy/opt/gz_sensors_vendor:/opt/ros/jazzy/opt/gz_physics_vendor:/opt/ros/jazzy/opt/sdformat_vendor:/opt/ros/jazzy/opt/gz_gui_vendor:/opt/ros/jazzy/opt/gz_transport_vendor:/opt/ros/jazzy/opt/gz_rendering_vendor:/opt/ros/jazzy/opt/gz_plugin_vendor:/opt/ros/jazzy/opt/gz_fuel_tools_vendor:/opt/ros/jazzy/opt/gz_msgs_vendor:/opt/ros/jazzy/opt/gz_common_vendor:/opt/ros/jazzy/opt/gz_math_vendor:/opt/ros/jazzy/opt/gz_utils_vendor:/opt/ros/jazzy/opt/gz_tools_vendor:/opt/ros/jazzy/opt/gz_ogre_next_vendor:/opt/ros/jazzy/opt/gz_dartsim_vendor:/opt/ros/jazzy/opt/gz_cmake_vendor:/home/prince/ros2_ws/install/my_py_pkg:/opt/ros/jazzy DEBUGINFOD_URLS=https://debuginfod.ubuntu.com /usr/bin/cmake --build /home/prince/Desktop/ros2_2ndsem/build/my_robot_bringup -- -j4 -l4
[0.055s] -- Found ament_cmake: 2.5.3 (/opt/ros/jazzy/share/ament_cmake/cmake)
[0.395s] -- Override CMake install command with custom implementation using symlinks instead of copying resources
[0.555s] -- Configuring done (0.5s)
[0.564s] -- Generating done (0.0s)
[0.567s] -- Build files have been written to: /home/prince/Desktop/ros2_2ndsem/build/my_robot_bringup
[0.599s] Invoked command in '/home/prince/Desktop/ros2_2ndsem/build/my_robot_bringup' returned '0': CMAKE_PREFIX_PATH=/home/prince/Desktop/ros2_2ndsem/install/my_robot_description:/home/prince/Desktop/ros2_2ndsem/install/my_robot_bringup:/home/prince/ros2_ws/install/my_pkg_cpp:/opt/ros/jazzy/opt/gz_sim_vendor:/opt/ros/jazzy/opt/gz_sensors_vendor:/opt/ros/jazzy/opt/gz_physics_vendor:/opt/ros/jazzy/opt/sdformat_vendor:/opt/ros/jazzy/opt/gz_gui_vendor:/opt/ros/jazzy/opt/gz_transport_vendor:/opt/ros/jazzy/opt/gz_rendering_vendor:/opt/ros/jazzy/opt/gz_plugin_vendor:/opt/ros/jazzy/opt/gz_fuel_tools_vendor:/opt/ros/jazzy/opt/gz_msgs_vendor:/opt/ros/jazzy/opt/gz_common_vendor:/opt/ros/jazzy/opt/gz_math_vendor:/opt/ros/jazzy/opt/gz_utils_vendor:/opt/ros/jazzy/opt/gz_tools_vendor:/opt/ros/jazzy/opt/gz_ogre_next_vendor:/opt/ros/jazzy/opt/gz_dartsim_vendor:/opt/ros/jazzy/opt/gz_cmake_vendor:/home/prince/ros2_ws/install/my_py_pkg:/opt/ros/jazzy DEBUGINFOD_URLS=https://debuginfod.ubuntu.com /usr/bin/cmake --build /home/prince/Desktop/ros2_2ndsem/build/my_robot_bringup -- -j4 -l4
[0.601s] Invoking command in '/home/prince/Desktop/ros2_2ndsem/build/my_robot_bringup': CMAKE_PREFIX_PATH=/home/prince/Desktop/ros2_2ndsem/install/my_robot_description:/home/prince/Desktop/ros2_2ndsem/install/my_robot_bringup:/home/prince/ros2_ws/install/my_pkg_cpp:/opt/ros/jazzy/opt/gz_sim_vendor:/opt/ros/jazzy/opt/gz_sensors_vendor:/opt/ros/jazzy/opt/gz_physics_vendor:/opt/ros/jazzy/opt/sdformat_vendor:/opt/ros/jazzy/opt/gz_gui_vendor:/opt/ros/jazzy/opt/gz_transport_vendor:/opt/ros/jazzy/opt/gz_rendering_vendor:/opt/ros/jazzy/opt/gz_plugin_vendor:/opt/ros/jazzy/opt/gz_fuel_tools_vendor:/opt/ros/jazzy/opt/gz_msgs_vendor:/opt/ros/jazzy/opt/gz_common_vendor:/opt/ros/jazzy/opt/gz_math_vendor:/opt/ros/jazzy/opt/gz_utils_vendor:/opt/ros/jazzy/opt/gz_tools_vendor:/opt/ros/jazzy/opt/gz_ogre_next_vendor:/opt/ros/jazzy/opt/gz_dartsim_vendor:/opt/ros/jazzy/opt/gz_cmake_vendor:/home/prince/ros2_ws/install/my_py_pkg:/opt/ros/jazzy DEBUGINFOD_URLS=https://debuginfod.ubuntu.com /usr/bin/cmake --install /home/prince/Desktop/ros2_2ndsem/build/my_robot_bringup
[0.612s] -- Install configuration: ""
[0.613s] -- Execute custom install script
[0.614s] -- Up-to-date symlink: /home/prince/Desktop/ros2_2ndsem/install/my_robot_bringup/share/my_robot_bringup//launch/my_robot.launch.xml
[0.614s] -- Up-to-date symlink: /home/prince/Desktop/ros2_2ndsem/install/my_robot_bringup/share/my_robot_bringup//config/gazebo_bridge.yaml
[0.615s] -- Up-to-date symlink: /home/prince/Desktop/ros2_2ndsem/install/my_robot_bringup/share/ament_index/resource_index/package_run_dependencies/my_robot_bringup
[0.615s] -- Up-to-date symlink: /home/prince/Desktop/ros2_2ndsem/install/my_robot_bringup/share/ament_index/resource_index/parent_prefix_path/my_robot_bringup
[0.616s] -- Up-to-date symlink: /home/prince/Desktop/ros2_2ndsem/install/my_robot_bringup/share/my_robot_bringup/environment/ament_prefix_path.sh
[0.616s] -- Up-to-date symlink: /home/prince/Desktop/ros2_2ndsem/install/my_robot_bringup/share/my_robot_bringup/environment/ament_prefix_path.dsv
[0.617s] -- Up-to-date symlink: /home/prince/Desktop/ros2_2ndsem/install/my_robot_bringup/share/my_robot_bringup/environment/path.sh
[0.617s] -- Up-to-date symlink: /home/prince/Desktop/ros2_2ndsem/install/my_robot_bringup/share/my_robot_bringup/environment/path.dsv
[0.617s] -- Up-to-date symlink: /home/prince/Desktop/ros2_2ndsem/install/my_robot_bringup/share/my_robot_bringup/local_setup.bash
[0.617s] -- Up-to-date symlink: /home/prince/Desktop/ros2_2ndsem/install/my_robot_bringup/share/my_robot_bringup/local_setup.sh
[0.618s] -- Up-to-date symlink: /home/prince/Desktop/ros2_2ndsem/install/my_robot_bringup/share/my_robot_bringup/local_setup.zsh
[0.618s] -- Up-to-date symlink: /home/prince/Desktop/ros2_2ndsem/install/my_robot_bringup/share/my_robot_bringup/local_setup.dsv
[0.618s] -- Symlinking: /home/prince/Desktop/ros2_2ndsem/install/my_robot_bringup/share/my_robot_bringup/package.dsv
[0.633s] -- Up-to-date symlink: /home/prince/Desktop/ros2_2ndsem/install/my_robot_bringup/share/ament_index/resource_index/packages/my_robot_bringup
[0.633s] -- Up-to-date symlink: /home/prince/Desktop/ros2_2ndsem/install/my_robot_bringup/share/my_robot_bringup/cmake/my_robot_bringupConfig.cmake
[0.633s] -- Up-to-date symlink: /home/prince/Desktop/ros2_2ndsem/install/my_robot_bringup/share/my_robot_bringup/cmake/my_robot_bringupConfig-version.cmake
[0.633s] -- Up-to-date symlink: /home/prince/Desktop/ros2_2ndsem/install/my_robot_bringup/share/my_robot_bringup/package.xml
[0.637s] Invoked command in '/home/prince/Desktop/ros2_2ndsem/build/my_robot_bringup' returned '0': CMAKE_PREFIX_PATH=/home/prince/Desktop/ros2_2ndsem/install/my_robot_description:/home/prince/Desktop/ros2_2ndsem/install/my_robot_bringup:/home/prince/ros2_ws/install/my_pkg_cpp:/opt/ros/jazzy/opt/gz_sim_vendor:/opt/ros/jazzy/opt/gz_sensors_vendor:/opt/ros/jazzy/opt/gz_physics_vendor:/opt/ros/jazzy/opt/sdformat_vendor:/opt/ros/jazzy/opt/gz_gui_vendor:/opt/ros/jazzy/opt/gz_transport_vendor:/opt/ros/jazzy/opt/gz_rendering_vendor:/opt/ros/jazzy/opt/gz_plugin_vendor:/opt/ros/jazzy/opt/gz_fuel_tools_vendor:/opt/ros/jazzy/opt/gz_msgs_vendor:/opt/ros/jazzy/opt/gz_common_vendor:/opt/ros/jazzy/opt/gz_math_vendor:/opt/ros/jazzy/opt/gz_utils_vendor:/opt/ros/jazzy/opt/gz_tools_vendor:/opt/ros/jazzy/opt/gz_ogre_next_vendor:/opt/ros/jazzy/opt/gz_dartsim_vendor:/opt/ros/jazzy/opt/gz_cmake_vendor:/home/prince/ros2_ws/install/my_py_pkg:/opt/ros/jazzy DEBUGINFOD_URLS=https://debuginfod.ubuntu.com /usr/bin/cmake --install /home/prince/Desktop/ros2_2ndsem/build/my_robot_bringup
