[5.445s] DEBUG:colcon:Command line arguments: ['/usr/bin/colcon', 'build']
[5.446s] DEBUG:colcon:Parsed command line arguments: Namespace(log_base=None, log_level=None, verb_name='build', build_base='build', install_base='install', merge_install=False, symlink_install=False, test_result_base=None, continue_on_error=False, executor='parallel', parallel_workers=4, event_handlers=None, ignore_user_meta=False, metas=['./colcon.meta'], base_paths=['.'], packages_ignore=None, packages_ignore_regex=None, paths=None, packages_up_to=None, packages_up_to_regex=None, packages_above=None, packages_above_and_dependencies=None, packages_above_depth=None, packages_select_by_dep=None, packages_skip_by_dep=None, packages_skip_up_to=None, packages_select_build_failed=False, packages_skip_build_finished=False, packages_select_test_failures=False, packages_skip_test_passed=False, packages_select=None, packages_skip=None, packages_select_regex=None, packages_skip_regex=None, packages_start=None, packages_end=None, allow_overriding=[], cmake_args=None, cmake_target=None, cmake_target_skip_unavailable=False, cmake_clean_cache=False, cmake_clean_first=False, cmake_force_configure=False, ament_cmake_args=None, catkin_cmake_args=None, catkin_skip_building_tests=False, mixin_files=None, mixin=None, verb_parser=<colcon_mixin.mixin.mixin_argument.MixinArgumentDecorator object at 0x745a7697bc20>, verb_extension=<colcon_core.verb.build.BuildVerb object at 0x745a7697b8c0>, main=<bound method BuildVerb.main of <colcon_core.verb.build.BuildVerb object at 0x745a7697b8c0>>, mixin_verb=('build',))
[6.097s] Level 1:colcon.colcon_core.package_discovery:discover_packages(colcon_meta) check parameters
[6.098s] Level 1:colcon.colcon_core.package_discovery:discover_packages(recursive) check parameters
[6.098s] Level 1:colcon.colcon_core.package_discovery:discover_packages(ignore) check parameters
[6.098s] Level 1:colcon.colcon_core.package_discovery:discover_packages(path) check parameters
[6.098s] Level 1:colcon.colcon_core.package_discovery:discover_packages(colcon_meta) discover
[6.098s] Level 1:colcon.colcon_core.package_discovery:discover_packages(recursive) discover
[6.099s] INFO:colcon.colcon_core.package_discovery:Crawling recursively for packages in '/home/prince/Desktop/ros2_2ndsem'
[6.099s] Level 1:colcon.colcon_core.package_identification:_identify(.) by extensions ['ignore', 'ignore_ament_install']
[6.099s] Level 1:colcon.colcon_core.package_identification:_identify(.) by extension 'ignore'
[6.099s] Level 1:colcon.colcon_core.package_identification:_identify(.) by extension 'ignore_ament_install'
[6.099s] Level 1:colcon.colcon_core.package_identification:_identify(.) by extensions ['colcon_pkg']
[6.099s] Level 1:colcon.colcon_core.package_identification:_identify(.) by extension 'colcon_pkg'
[6.099s] Level 1:colcon.colcon_core.package_identification:_identify(.) by extensions ['colcon_meta']
[6.100s] Level 1:colcon.colcon_core.package_identification:_identify(.) by extension 'colcon_meta'
[6.100s] Level 1:colcon.colcon_core.package_identification:_identify(.) by extensions ['ros']
[6.100s] Level 1:colcon.colcon_core.package_identification:_identify(.) by extension 'ros'
[6.325s] Level 1:colcon.colcon_core.package_identification:_identify(.) by extensions ['cmake', 'python']
[6.325s] Level 1:colcon.colcon_core.package_identification:_identify(.) by extension 'cmake'
[6.325s] Level 1:colcon.colcon_core.package_identification:_identify(.) by extension 'python'
[6.325s] Level 1:colcon.colcon_core.package_identification:_identify(.) by extensions ['python_setup_py']
[6.325s] Level 1:colcon.colcon_core.package_identification:_identify(.) by extension 'python_setup_py'
[6.326s] Level 1:colcon.colcon_core.package_identification:_identify(build) by extensions ['ignore', 'ignore_ament_install']
[6.326s] Level 1:colcon.colcon_core.package_identification:_identify(build) by extension 'ignore'
[6.326s] Level 1:colcon.colcon_core.package_identification:_identify(build) ignored
[6.326s] Level 1:colcon.colcon_core.package_identification:_identify(install) by extensions ['ignore', 'ignore_ament_install']
[6.327s] Level 1:colcon.colcon_core.package_identification:_identify(install) by extension 'ignore'
[6.327s] Level 1:colcon.colcon_core.package_identification:_identify(install) ignored
[6.327s] Level 1:colcon.colcon_core.package_identification:_identify(log) by extensions ['ignore', 'ignore_ament_install']
[6.327s] Level 1:colcon.colcon_core.package_identification:_identify(log) by extension 'ignore'
[6.327s] Level 1:colcon.colcon_core.package_identification:_identify(log) ignored
[6.328s] Level 1:colcon.colcon_core.package_identification:_identify(src) by extensions ['ignore', 'ignore_ament_install']
[6.328s] Level 1:colcon.colcon_core.package_identification:_identify(src) by extension 'ignore'
[6.328s] Level 1:colcon.colcon_core.package_identification:_identify(src) by extension 'ignore_ament_install'
[6.328s] Level 1:colcon.colcon_core.package_identification:_identify(src) by extensions ['colcon_pkg']
[6.328s] Level 1:colcon.colcon_core.package_identification:_identify(src) by extension 'colcon_pkg'
[6.328s] Level 1:colcon.colcon_core.package_identification:_identify(src) by extensions ['colcon_meta']
[6.329s] Level 1:colcon.colcon_core.package_identification:_identify(src) by extension 'colcon_meta'
[6.329s] Level 1:colcon.colcon_core.package_identification:_identify(src) by extensions ['ros']
[6.329s] Level 1:colcon.colcon_core.package_identification:_identify(src) by extension 'ros'
[6.329s] Level 1:colcon.colcon_core.package_identification:_identify(src) by extensions ['cmake', 'python']
[6.329s] Level 1:colcon.colcon_core.package_identification:_identify(src) by extension 'cmake'
[6.329s] Level 1:colcon.colcon_core.package_identification:_identify(src) by extension 'python'
[6.329s] Level 1:colcon.colcon_core.package_identification:_identify(src) by extensions ['python_setup_py']
[6.329s] Level 1:colcon.colcon_core.package_identification:_identify(src) by extension 'python_setup_py'
[6.330s] Level 1:colcon.colcon_core.package_identification:_identify(src/my_robot_bringup) by extensions ['ignore', 'ignore_ament_install']
[6.330s] Level 1:colcon.colcon_core.package_identification:_identify(src/my_robot_bringup) by extension 'ignore'
[6.330s] Level 1:colcon.colcon_core.package_identification:_identify(src/my_robot_bringup) by extension 'ignore_ament_install'
[6.330s] Level 1:colcon.colcon_core.package_identification:_identify(src/my_robot_bringup) by extensions ['colcon_pkg']
[6.330s] Level 1:colcon.colcon_core.package_identification:_identify(src/my_robot_bringup) by extension 'colcon_pkg'
[6.330s] Level 1:colcon.colcon_core.package_identification:_identify(src/my_robot_bringup) by extensions ['colcon_meta']
[6.331s] Level 1:colcon.colcon_core.package_identification:_identify(src/my_robot_bringup) by extension 'colcon_meta'
[6.331s] Level 1:colcon.colcon_core.package_identification:_identify(src/my_robot_bringup) by extensions ['ros']
[6.331s] Level 1:colcon.colcon_core.package_identification:_identify(src/my_robot_bringup) by extension 'ros'
[6.379s] DEBUG:colcon.colcon_core.package_identification:Package 'src/my_robot_bringup' with type 'ros.ament_cmake' and name 'my_robot_bringup'
[6.380s] Level 1:colcon.colcon_core.package_identification:_identify(src/my_robot_description) by extensions ['ignore', 'ignore_ament_install']
[6.380s] Level 1:colcon.colcon_core.package_identification:_identify(src/my_robot_description) by extension 'ignore'
[6.380s] Level 1:colcon.colcon_core.package_identification:_identify(src/my_robot_description) by extension 'ignore_ament_install'
[6.380s] Level 1:colcon.colcon_core.package_identification:_identify(src/my_robot_description) by extensions ['colcon_pkg']
[6.380s] Level 1:colcon.colcon_core.package_identification:_identify(src/my_robot_description) by extension 'colcon_pkg'
[6.380s] Level 1:colcon.colcon_core.package_identification:_identify(src/my_robot_description) by extensions ['colcon_meta']
[6.380s] Level 1:colcon.colcon_core.package_identification:_identify(src/my_robot_description) by extension 'colcon_meta'
[6.380s] Level 1:colcon.colcon_core.package_identification:_identify(src/my_robot_description) by extensions ['ros']
[6.380s] Level 1:colcon.colcon_core.package_identification:_identify(src/my_robot_description) by extension 'ros'
[6.394s] DEBUG:colcon.colcon_core.package_identification:Package 'src/my_robot_description' with type 'ros.ament_cmake' and name 'my_robot_description'
[6.394s] Level 1:colcon.colcon_core.package_discovery:discover_packages(recursive) using defaults
[6.394s] Level 1:colcon.colcon_core.package_discovery:discover_packages(ignore) discover
[6.395s] Level 1:colcon.colcon_core.package_discovery:discover_packages(ignore) using defaults
[6.395s] Level 1:colcon.colcon_core.package_discovery:discover_packages(path) discover
[6.395s] Level 1:colcon.colcon_core.package_discovery:discover_packages(path) using defaults
[6.510s] Level 1:colcon.colcon_core.package_discovery:discover_packages(prefix_path) check parameters
[6.510s] Level 1:colcon.colcon_core.package_discovery:discover_packages(prefix_path) discover
[6.538s] DEBUG:colcon.colcon_installed_package_information.package_discovery:Found 3 installed packages in /home/prince/Desktop/ros2_2ndsem/install
[6.539s] DEBUG:colcon.colcon_installed_package_information.package_discovery:Found 2 installed packages in /home/prince/ros2_ws/install
[6.543s] DEBUG:colcon.colcon_installed_package_information.package_discovery:Found 312 installed packages in /opt/ros/jazzy
[6.545s] Level 1:colcon.colcon_core.package_discovery:discover_packages(prefix_path) using defaults
[6.783s] Level 5:colcon.colcon_core.verb:set package 'my_robot_description' build argument 'cmake_args' from command line to 'None'
[6.783s] Level 5:colcon.colcon_core.verb:set package 'my_robot_description' build argument 'cmake_target' from command line to 'None'
[6.784s] Level 5:colcon.colcon_core.verb:set package 'my_robot_description' build argument 'cmake_target_skip_unavailable' from command line to 'False'
[6.784s] Level 5:colcon.colcon_core.verb:set package 'my_robot_description' build argument 'cmake_clean_cache' from command line to 'False'
[6.784s] Level 5:colcon.colcon_core.verb:set package 'my_robot_description' build argument 'cmake_clean_first' from command line to 'False'
[6.784s] Level 5:colcon.colcon_core.verb:set package 'my_robot_description' build argument 'cmake_force_configure' from command line to 'False'
[6.784s] Level 5:colcon.colcon_core.verb:set package 'my_robot_description' build argument 'ament_cmake_args' from command line to 'None'
[6.784s] Level 5:colcon.colcon_core.verb:set package 'my_robot_description' build argument 'catkin_cmake_args' from command line to 'None'
[6.784s] Level 5:colcon.colcon_core.verb:set package 'my_robot_description' build argument 'catkin_skip_building_tests' from command line to 'False'
[6.784s] DEBUG:colcon.colcon_core.verb:Building package 'my_robot_description' with the following arguments: {'ament_cmake_args': None, 'build_base': '/home/prince/Desktop/ros2_2ndsem/build/my_robot_description', 'catkin_cmake_args': None, 'catkin_skip_building_tests': False, 'cmake_args': None, 'cmake_clean_cache': False, 'cmake_clean_first': False, 'cmake_force_configure': False, 'cmake_target': None, 'cmake_target_skip_unavailable': False, 'install_base': '/home/prince/Desktop/ros2_2ndsem/install/my_robot_description', 'merge_install': False, 'path': '/home/prince/Desktop/ros2_2ndsem/src/my_robot_description', 'symlink_install': False, 'test_result_base': None}
[6.784s] Level 5:colcon.colcon_core.verb:set package 'my_robot_bringup' build argument 'cmake_args' from command line to 'None'
[6.784s] Level 5:colcon.colcon_core.verb:set package 'my_robot_bringup' build argument 'cmake_target' from command line to 'None'
[6.784s] Level 5:colcon.colcon_core.verb:set package 'my_robot_bringup' build argument 'cmake_target_skip_unavailable' from command line to 'False'
[6.784s] Level 5:colcon.colcon_core.verb:set package 'my_robot_bringup' build argument 'cmake_clean_cache' from command line to 'False'
[6.784s] Level 5:colcon.colcon_core.verb:set package 'my_robot_bringup' build argument 'cmake_clean_first' from command line to 'False'
[6.785s] Level 5:colcon.colcon_core.verb:set package 'my_robot_bringup' build argument 'cmake_force_configure' from command line to 'False'
[6.785s] Level 5:colcon.colcon_core.verb:set package 'my_robot_bringup' build argument 'ament_cmake_args' from command line to 'None'
[6.785s] Level 5:colcon.colcon_core.verb:set package 'my_robot_bringup' build argument 'catkin_cmake_args' from command line to 'None'
[6.785s] Level 5:colcon.colcon_core.verb:set package 'my_robot_bringup' build argument 'catkin_skip_building_tests' from command line to 'False'
[6.785s] DEBUG:colcon.colcon_core.verb:Building package 'my_robot_bringup' with the following arguments: {'ament_cmake_args': None, 'build_base': '/home/prince/Desktop/ros2_2ndsem/build/my_robot_bringup', 'catkin_cmake_args': None, 'catkin_skip_building_tests': False, 'cmake_args': None, 'cmake_clean_cache': False, 'cmake_clean_first': False, 'cmake_force_configure': False, 'cmake_target': None, 'cmake_target_skip_unavailable': False, 'install_base': '/home/prince/Desktop/ros2_2ndsem/install/my_robot_bringup', 'merge_install': False, 'path': '/home/prince/Desktop/ros2_2ndsem/src/my_robot_bringup', 'symlink_install': False, 'test_result_base': None}
[6.785s] INFO:colcon.colcon_core.executor:Executing jobs using 'parallel' executor
[6.786s] DEBUG:colcon.colcon_parallel_executor.executor.parallel:run_until_complete
[6.787s] INFO:colcon.colcon_ros.task.ament_cmake.build:Building ROS package in '/home/prince/Desktop/ros2_2ndsem/src/my_robot_description' with build type 'ament_cmake'
[6.787s] INFO:colcon.colcon_cmake.task.cmake.build:Building CMake package in '/home/prince/Desktop/ros2_2ndsem/src/my_robot_description'
[6.877s] INFO:colcon.colcon_core.plugin_system:Skipping extension 'colcon_core.shell.bat': Not used on non-Windows systems
[6.878s] INFO:colcon.colcon_core.shell:Skip shell extension 'powershell' for command environment: Not usable outside of PowerShell
[6.878s] DEBUG:colcon.colcon_core.shell:Skip shell extension 'dsv' for command environment
[6.936s] DEBUG:colcon.colcon_core.event_handler.log_command:Invoking command in '/home/prince/Desktop/ros2_2ndsem/build/my_robot_description': CMAKE_PREFIX_PATH=${CMAKE_PREFIX_PATH}:/home/prince/ros2_ws/install/my_py_pkg:/opt/ros/jazzy DEBUGINFOD_URLS=https://debuginfod.ubuntu.com /usr/bin/cmake --build /home/prince/Desktop/ros2_2ndsem/build/my_robot_description -- -j4 -l4
[8.168s] DEBUG:colcon.colcon_core.event_handler.log_command:Invoked command in '/home/prince/Desktop/ros2_2ndsem/build/my_robot_description' returned '0': CMAKE_PREFIX_PATH=${CMAKE_PREFIX_PATH}:/home/prince/ros2_ws/install/my_py_pkg:/opt/ros/jazzy DEBUGINFOD_URLS=https://debuginfod.ubuntu.com /usr/bin/cmake --build /home/prince/Desktop/ros2_2ndsem/build/my_robot_description -- -j4 -l4
[8.225s] DEBUG:colcon.colcon_core.event_handler.log_command:Invoking command in '/home/prince/Desktop/ros2_2ndsem/build/my_robot_description': CMAKE_PREFIX_PATH=${CMAKE_PREFIX_PATH}:/home/prince/ros2_ws/install/my_py_pkg:/opt/ros/jazzy DEBUGINFOD_URLS=https://debuginfod.ubuntu.com /usr/bin/cmake --install /home/prince/Desktop/ros2_2ndsem/build/my_robot_description
[8.527s] Level 1:colcon.colcon_core.environment:create_environment_scripts_only(my_robot_description)
[8.527s] DEBUG:colcon.colcon_core.event_handler.log_command:Invoked command in '/home/prince/Desktop/ros2_2ndsem/build/my_robot_description' returned '0': CMAKE_PREFIX_PATH=${CMAKE_PREFIX_PATH}:/home/prince/ros2_ws/install/my_py_pkg:/opt/ros/jazzy DEBUGINFOD_URLS=https://debuginfod.ubuntu.com /usr/bin/cmake --install /home/prince/Desktop/ros2_2ndsem/build/my_robot_description
[8.710s] Level 1:colcon.colcon_core.environment:checking '/home/prince/Desktop/ros2_2ndsem/install/my_robot_description' for CMake module files
[8.716s] Level 1:colcon.colcon_core.environment:checking '/home/prince/Desktop/ros2_2ndsem/install/my_robot_description' for CMake config files
[8.718s] Level 1:colcon.colcon_core.shell:create_environment_hook('my_robot_description', 'cmake_prefix_path')
[8.719s] INFO:colcon.colcon_core.shell:Creating environment hook '/home/prince/Desktop/ros2_2ndsem/install/my_robot_description/share/my_robot_description/hook/cmake_prefix_path.ps1'
[8.722s] INFO:colcon.colcon_core.shell:Creating environment descriptor '/home/prince/Desktop/ros2_2ndsem/install/my_robot_description/share/my_robot_description/hook/cmake_prefix_path.dsv'
[8.734s] INFO:colcon.colcon_core.shell:Creating environment hook '/home/prince/Desktop/ros2_2ndsem/install/my_robot_description/share/my_robot_description/hook/cmake_prefix_path.sh'
[8.736s] Level 1:colcon.colcon_core.environment:checking '/home/prince/Desktop/ros2_2ndsem/install/my_robot_description/bin'
[8.736s] Level 1:colcon.colcon_core.environment:checking '/home/prince/Desktop/ros2_2ndsem/install/my_robot_description/lib/pkgconfig/my_robot_description.pc'
[8.737s] Level 1:colcon.colcon_core.environment:checking '/home/prince/Desktop/ros2_2ndsem/install/my_robot_description/lib/python3.12/site-packages'
[8.737s] Level 1:colcon.colcon_core.environment:checking '/home/prince/Desktop/ros2_2ndsem/install/my_robot_description/bin'
[8.737s] INFO:colcon.colcon_core.shell:Creating package script '/home/prince/Desktop/ros2_2ndsem/install/my_robot_description/share/my_robot_description/package.ps1'
[8.739s] INFO:colcon.colcon_core.shell:Creating package descriptor '/home/prince/Desktop/ros2_2ndsem/install/my_robot_description/share/my_robot_description/package.dsv'
[8.740s] INFO:colcon.colcon_core.shell:Creating package script '/home/prince/Desktop/ros2_2ndsem/install/my_robot_description/share/my_robot_description/package.sh'
[8.741s] INFO:colcon.colcon_core.shell:Creating package script '/home/prince/Desktop/ros2_2ndsem/install/my_robot_description/share/my_robot_description/package.bash'
[8.753s] INFO:colcon.colcon_core.shell:Creating package script '/home/prince/Desktop/ros2_2ndsem/install/my_robot_description/share/my_robot_description/package.zsh'
[8.792s] Level 1:colcon.colcon_core.environment:create_file_with_runtime_dependencies(/home/prince/Desktop/ros2_2ndsem/install/my_robot_description/share/colcon-core/packages/my_robot_description)
[8.793s] Level 1:colcon.colcon_core.environment:create_environment_scripts_only(my_robot_description)
[8.793s] Level 1:colcon.colcon_core.environment:checking '/home/prince/Desktop/ros2_2ndsem/install/my_robot_description' for CMake module files
[8.795s] Level 1:colcon.colcon_core.environment:checking '/home/prince/Desktop/ros2_2ndsem/install/my_robot_description' for CMake config files
[8.795s] Level 1:colcon.colcon_core.shell:create_environment_hook('my_robot_description', 'cmake_prefix_path')
[8.796s] INFO:colcon.colcon_core.shell:Creating environment hook '/home/prince/Desktop/ros2_2ndsem/install/my_robot_description/share/my_robot_description/hook/cmake_prefix_path.ps1'
[8.796s] INFO:colcon.colcon_core.shell:Creating environment descriptor '/home/prince/Desktop/ros2_2ndsem/install/my_robot_description/share/my_robot_description/hook/cmake_prefix_path.dsv'
[8.797s] INFO:colcon.colcon_core.shell:Creating environment hook '/home/prince/Desktop/ros2_2ndsem/install/my_robot_description/share/my_robot_description/hook/cmake_prefix_path.sh'
[8.798s] Level 1:colcon.colcon_core.environment:checking '/home/prince/Desktop/ros2_2ndsem/install/my_robot_description/bin'
[8.798s] Level 1:colcon.colcon_core.environment:checking '/home/prince/Desktop/ros2_2ndsem/install/my_robot_description/lib/pkgconfig/my_robot_description.pc'
[8.798s] Level 1:colcon.colcon_core.environment:checking '/home/prince/Desktop/ros2_2ndsem/install/my_robot_description/lib/python3.12/site-packages'
[8.799s] Level 1:colcon.colcon_core.environment:checking '/home/prince/Desktop/ros2_2ndsem/install/my_robot_description/bin'
[8.799s] INFO:colcon.colcon_core.shell:Creating package script '/home/prince/Desktop/ros2_2ndsem/install/my_robot_description/share/my_robot_description/package.ps1'
[8.800s] INFO:colcon.colcon_core.shell:Creating package descriptor '/home/prince/Desktop/ros2_2ndsem/install/my_robot_description/share/my_robot_description/package.dsv'
[8.800s] INFO:colcon.colcon_core.shell:Creating package script '/home/prince/Desktop/ros2_2ndsem/install/my_robot_description/share/my_robot_description/package.sh'
[8.801s] INFO:colcon.colcon_core.shell:Creating package script '/home/prince/Desktop/ros2_2ndsem/install/my_robot_description/share/my_robot_description/package.bash'
[8.802s] INFO:colcon.colcon_core.shell:Creating package script '/home/prince/Desktop/ros2_2ndsem/install/my_robot_description/share/my_robot_description/package.zsh'
[8.802s] Level 1:colcon.colcon_core.environment:create_file_with_runtime_dependencies(/home/prince/Desktop/ros2_2ndsem/install/my_robot_description/share/colcon-core/packages/my_robot_description)
[8.803s] INFO:colcon.colcon_ros.task.ament_cmake.build:Building ROS package in '/home/prince/Desktop/ros2_2ndsem/src/my_robot_bringup' with build type 'ament_cmake'
[8.803s] INFO:colcon.colcon_cmake.task.cmake.build:Building CMake package in '/home/prince/Desktop/ros2_2ndsem/src/my_robot_bringup'
[8.803s] INFO:colcon.colcon_core.shell:Skip shell extension 'powershell' for command environment: Not usable outside of PowerShell
[8.803s] DEBUG:colcon.colcon_core.shell:Skip shell extension 'dsv' for command environment
[8.878s] DEBUG:colcon.colcon_core.event_handler.log_command:Invoking command in '/home/prince/Desktop/ros2_2ndsem/build/my_robot_bringup': CMAKE_PREFIX_PATH=/home/prince/Desktop/ros2_2ndsem/install/my_robot_description:/home/prince/Desktop/ros2_2ndsem/install/my_robot_bringup:/home/prince/ros2_ws/install/my_pkg_cpp:/opt/ros/jazzy/opt/gz_sim_vendor:/opt/ros/jazzy/opt/gz_sensors_vendor:/opt/ros/jazzy/opt/gz_physics_vendor:/opt/ros/jazzy/opt/sdformat_vendor:/opt/ros/jazzy/opt/gz_gui_vendor:/opt/ros/jazzy/opt/gz_transport_vendor:/opt/ros/jazzy/opt/gz_rendering_vendor:/opt/ros/jazzy/opt/gz_plugin_vendor:/opt/ros/jazzy/opt/gz_fuel_tools_vendor:/opt/ros/jazzy/opt/gz_msgs_vendor:/opt/ros/jazzy/opt/gz_common_vendor:/opt/ros/jazzy/opt/gz_math_vendor:/opt/ros/jazzy/opt/gz_utils_vendor:/opt/ros/jazzy/opt/gz_tools_vendor:/opt/ros/jazzy/opt/gz_ogre_next_vendor:/opt/ros/jazzy/opt/gz_dartsim_vendor:/opt/ros/jazzy/opt/gz_cmake_vendor:/home/prince/ros2_ws/install/my_py_pkg:/opt/ros/jazzy DEBUGINFOD_URLS=https://debuginfod.ubuntu.com /usr/bin/cmake --build /home/prince/Desktop/ros2_2ndsem/build/my_robot_bringup -- -j4 -l4
[9.017s] DEBUG:colcon.colcon_core.event_handler.log_command:Invoked command in '/home/prince/Desktop/ros2_2ndsem/build/my_robot_bringup' returned '0': CMAKE_PREFIX_PATH=/home/prince/Desktop/ros2_2ndsem/install/my_robot_description:/home/prince/Desktop/ros2_2ndsem/install/my_robot_bringup:/home/prince/ros2_ws/install/my_pkg_cpp:/opt/ros/jazzy/opt/gz_sim_vendor:/opt/ros/jazzy/opt/gz_sensors_vendor:/opt/ros/jazzy/opt/gz_physics_vendor:/opt/ros/jazzy/opt/sdformat_vendor:/opt/ros/jazzy/opt/gz_gui_vendor:/opt/ros/jazzy/opt/gz_transport_vendor:/opt/ros/jazzy/opt/gz_rendering_vendor:/opt/ros/jazzy/opt/gz_plugin_vendor:/opt/ros/jazzy/opt/gz_fuel_tools_vendor:/opt/ros/jazzy/opt/gz_msgs_vendor:/opt/ros/jazzy/opt/gz_common_vendor:/opt/ros/jazzy/opt/gz_math_vendor:/opt/ros/jazzy/opt/gz_utils_vendor:/opt/ros/jazzy/opt/gz_tools_vendor:/opt/ros/jazzy/opt/gz_ogre_next_vendor:/opt/ros/jazzy/opt/gz_dartsim_vendor:/opt/ros/jazzy/opt/gz_cmake_vendor:/home/prince/ros2_ws/install/my_py_pkg:/opt/ros/jazzy DEBUGINFOD_URLS=https://debuginfod.ubuntu.com /usr/bin/cmake --build /home/prince/Desktop/ros2_2ndsem/build/my_robot_bringup -- -j4 -l4
[9.086s] DEBUG:colcon.colcon_core.event_handler.log_command:Invoking command in '/home/prince/Desktop/ros2_2ndsem/build/my_robot_bringup': CMAKE_PREFIX_PATH=/home/prince/Desktop/ros2_2ndsem/install/my_robot_description:/home/prince/Desktop/ros2_2ndsem/install/my_robot_bringup:/home/prince/ros2_ws/install/my_pkg_cpp:/opt/ros/jazzy/opt/gz_sim_vendor:/opt/ros/jazzy/opt/gz_sensors_vendor:/opt/ros/jazzy/opt/gz_physics_vendor:/opt/ros/jazzy/opt/sdformat_vendor:/opt/ros/jazzy/opt/gz_gui_vendor:/opt/ros/jazzy/opt/gz_transport_vendor:/opt/ros/jazzy/opt/gz_rendering_vendor:/opt/ros/jazzy/opt/gz_plugin_vendor:/opt/ros/jazzy/opt/gz_fuel_tools_vendor:/opt/ros/jazzy/opt/gz_msgs_vendor:/opt/ros/jazzy/opt/gz_common_vendor:/opt/ros/jazzy/opt/gz_math_vendor:/opt/ros/jazzy/opt/gz_utils_vendor:/opt/ros/jazzy/opt/gz_tools_vendor:/opt/ros/jazzy/opt/gz_ogre_next_vendor:/opt/ros/jazzy/opt/gz_dartsim_vendor:/opt/ros/jazzy/opt/gz_cmake_vendor:/home/prince/ros2_ws/install/my_py_pkg:/opt/ros/jazzy DEBUGINFOD_URLS=https://debuginfod.ubuntu.com /usr/bin/cmake --install /home/prince/Desktop/ros2_2ndsem/build/my_robot_bringup
[9.245s] Level 1:colcon.colcon_core.environment:create_environment_scripts_only(my_robot_bringup)
[9.246s] Level 1:colcon.colcon_core.environment:checking '/home/prince/Desktop/ros2_2ndsem/install/my_robot_bringup' for CMake module files
[9.246s] DEBUG:colcon.colcon_core.event_handler.log_command:Invoked command in '/home/prince/Desktop/ros2_2ndsem/build/my_robot_bringup' returned '0': CMAKE_PREFIX_PATH=/home/prince/Desktop/ros2_2ndsem/install/my_robot_description:/home/prince/Desktop/ros2_2ndsem/install/my_robot_bringup:/home/prince/ros2_ws/install/my_pkg_cpp:/opt/ros/jazzy/opt/gz_sim_vendor:/opt/ros/jazzy/opt/gz_sensors_vendor:/opt/ros/jazzy/opt/gz_physics_vendor:/opt/ros/jazzy/opt/sdformat_vendor:/opt/ros/jazzy/opt/gz_gui_vendor:/opt/ros/jazzy/opt/gz_transport_vendor:/opt/ros/jazzy/opt/gz_rendering_vendor:/opt/ros/jazzy/opt/gz_plugin_vendor:/opt/ros/jazzy/opt/gz_fuel_tools_vendor:/opt/ros/jazzy/opt/gz_msgs_vendor:/opt/ros/jazzy/opt/gz_common_vendor:/opt/ros/jazzy/opt/gz_math_vendor:/opt/ros/jazzy/opt/gz_utils_vendor:/opt/ros/jazzy/opt/gz_tools_vendor:/opt/ros/jazzy/opt/gz_ogre_next_vendor:/opt/ros/jazzy/opt/gz_dartsim_vendor:/opt/ros/jazzy/opt/gz_cmake_vendor:/home/prince/ros2_ws/install/my_py_pkg:/opt/ros/jazzy DEBUGINFOD_URLS=https://debuginfod.ubuntu.com /usr/bin/cmake --install /home/prince/Desktop/ros2_2ndsem/build/my_robot_bringup
[9.247s] Level 1:colcon.colcon_core.environment:checking '/home/prince/Desktop/ros2_2ndsem/install/my_robot_bringup' for CMake config files
[9.247s] Level 1:colcon.colcon_core.shell:create_environment_hook('my_robot_bringup', 'cmake_prefix_path')
[9.248s] INFO:colcon.colcon_core.shell:Creating environment hook '/home/prince/Desktop/ros2_2ndsem/install/my_robot_bringup/share/my_robot_bringup/hook/cmake_prefix_path.ps1'
[9.248s] INFO:colcon.colcon_core.shell:Creating environment descriptor '/home/prince/Desktop/ros2_2ndsem/install/my_robot_bringup/share/my_robot_bringup/hook/cmake_prefix_path.dsv'
[9.249s] INFO:colcon.colcon_core.shell:Creating environment hook '/home/prince/Desktop/ros2_2ndsem/install/my_robot_bringup/share/my_robot_bringup/hook/cmake_prefix_path.sh'
[9.249s] Level 1:colcon.colcon_core.environment:checking '/home/prince/Desktop/ros2_2ndsem/install/my_robot_bringup/bin'
[9.249s] Level 1:colcon.colcon_core.environment:checking '/home/prince/Desktop/ros2_2ndsem/install/my_robot_bringup/lib/pkgconfig/my_robot_bringup.pc'
[9.250s] Level 1:colcon.colcon_core.environment:checking '/home/prince/Desktop/ros2_2ndsem/install/my_robot_bringup/lib/python3.12/site-packages'
[9.250s] Level 1:colcon.colcon_core.environment:checking '/home/prince/Desktop/ros2_2ndsem/install/my_robot_bringup/bin'
[9.250s] INFO:colcon.colcon_core.shell:Creating package script '/home/prince/Desktop/ros2_2ndsem/install/my_robot_bringup/share/my_robot_bringup/package.ps1'
[9.251s] INFO:colcon.colcon_core.shell:Creating package descriptor '/home/prince/Desktop/ros2_2ndsem/install/my_robot_bringup/share/my_robot_bringup/package.dsv'
[9.251s] INFO:colcon.colcon_core.shell:Creating package script '/home/prince/Desktop/ros2_2ndsem/install/my_robot_bringup/share/my_robot_bringup/package.sh'
[9.252s] INFO:colcon.colcon_core.shell:Creating package script '/home/prince/Desktop/ros2_2ndsem/install/my_robot_bringup/share/my_robot_bringup/package.bash'
[9.252s] INFO:colcon.colcon_core.shell:Creating package script '/home/prince/Desktop/ros2_2ndsem/install/my_robot_bringup/share/my_robot_bringup/package.zsh'
[9.253s] Level 1:colcon.colcon_core.environment:create_file_with_runtime_dependencies(/home/prince/Desktop/ros2_2ndsem/install/my_robot_bringup/share/colcon-core/packages/my_robot_bringup)
[9.253s] Level 1:colcon.colcon_core.environment:create_environment_scripts_only(my_robot_bringup)
[9.254s] Level 1:colcon.colcon_core.environment:checking '/home/prince/Desktop/ros2_2ndsem/install/my_robot_bringup' for CMake module files
[9.254s] Level 1:colcon.colcon_core.environment:checking '/home/prince/Desktop/ros2_2ndsem/install/my_robot_bringup' for CMake config files
[9.255s] Level 1:colcon.colcon_core.shell:create_environment_hook('my_robot_bringup', 'cmake_prefix_path')
[9.255s] INFO:colcon.colcon_core.shell:Creating environment hook '/home/prince/Desktop/ros2_2ndsem/install/my_robot_bringup/share/my_robot_bringup/hook/cmake_prefix_path.ps1'
[9.255s] INFO:colcon.colcon_core.shell:Creating environment descriptor '/home/prince/Desktop/ros2_2ndsem/install/my_robot_bringup/share/my_robot_bringup/hook/cmake_prefix_path.dsv'
[9.256s] INFO:colcon.colcon_core.shell:Creating environment hook '/home/prince/Desktop/ros2_2ndsem/install/my_robot_bringup/share/my_robot_bringup/hook/cmake_prefix_path.sh'
[9.256s] Level 1:colcon.colcon_core.environment:checking '/home/prince/Desktop/ros2_2ndsem/install/my_robot_bringup/bin'
[9.256s] Level 1:colcon.colcon_core.environment:checking '/home/prince/Desktop/ros2_2ndsem/install/my_robot_bringup/lib/pkgconfig/my_robot_bringup.pc'
[9.257s] Level 1:colcon.colcon_core.environment:checking '/home/prince/Desktop/ros2_2ndsem/install/my_robot_bringup/lib/python3.12/site-packages'
[9.257s] Level 1:colcon.colcon_core.environment:checking '/home/prince/Desktop/ros2_2ndsem/install/my_robot_bringup/bin'
[9.257s] INFO:colcon.colcon_core.shell:Creating package script '/home/prince/Desktop/ros2_2ndsem/install/my_robot_bringup/share/my_robot_bringup/package.ps1'
[9.258s] INFO:colcon.colcon_core.shell:Creating package descriptor '/home/prince/Desktop/ros2_2ndsem/install/my_robot_bringup/share/my_robot_bringup/package.dsv'
[9.259s] INFO:colcon.colcon_core.shell:Creating package script '/home/prince/Desktop/ros2_2ndsem/install/my_robot_bringup/share/my_robot_bringup/package.sh'
[9.259s] INFO:colcon.colcon_core.shell:Creating package script '/home/prince/Desktop/ros2_2ndsem/install/my_robot_bringup/share/my_robot_bringup/package.bash'
[9.260s] INFO:colcon.colcon_core.shell:Creating package script '/home/prince/Desktop/ros2_2ndsem/install/my_robot_bringup/share/my_robot_bringup/package.zsh'
[9.260s] Level 1:colcon.colcon_core.environment:create_file_with_runtime_dependencies(/home/prince/Desktop/ros2_2ndsem/install/my_robot_bringup/share/colcon-core/packages/my_robot_bringup)
[9.261s] DEBUG:colcon.colcon_parallel_executor.executor.parallel:closing loop
[9.261s] DEBUG:colcon.colcon_parallel_executor.executor.parallel:loop closed
[9.261s] DEBUG:colcon.colcon_parallel_executor.executor.parallel:run_until_complete finished with '0'
[9.261s] DEBUG:colcon.colcon_core.event_reactor:joining thread
[9.373s] INFO:colcon.colcon_core.plugin_system:Skipping extension 'colcon_notification.desktop_notification.terminal_notifier': Not used on non-Darwin systems
[9.374s] INFO:colcon.colcon_core.plugin_system:Skipping extension 'colcon_notification.desktop_notification.win32': Not used on non-Windows systems
[9.374s] INFO:colcon.colcon_notification.desktop_notification:Sending desktop notification using 'notify2'
[9.444s] DEBUG:colcon.colcon_core.event_reactor:joined thread
[9.445s] INFO:colcon.colcon_core.shell:Creating prefix script '/home/prince/Desktop/ros2_2ndsem/install/local_setup.ps1'
[9.909s] INFO:colcon.colcon_core.shell:Creating prefix util module '/home/prince/Desktop/ros2_2ndsem/install/_local_setup_util_ps1.py'
[10.104s] INFO:colcon.colcon_core.shell:Creating prefix chain script '/home/prince/Desktop/ros2_2ndsem/install/setup.ps1'
[10.140s] INFO:colcon.colcon_core.shell:Creating prefix script '/home/prince/Desktop/ros2_2ndsem/install/local_setup.sh'
[10.142s] INFO:colcon.colcon_core.shell:Creating prefix util module '/home/prince/Desktop/ros2_2ndsem/install/_local_setup_util_sh.py'
[10.144s] INFO:colcon.colcon_core.shell:Creating prefix chain script '/home/prince/Desktop/ros2_2ndsem/install/setup.sh'
[10.148s] INFO:colcon.colcon_core.shell:Creating prefix script '/home/prince/Desktop/ros2_2ndsem/install/local_setup.bash'
[10.170s] INFO:colcon.colcon_core.shell:Creating prefix chain script '/home/prince/Desktop/ros2_2ndsem/install/setup.bash'
[10.175s] INFO:colcon.colcon_core.shell:Creating prefix script '/home/prince/Desktop/ros2_2ndsem/install/local_setup.zsh'
[10.210s] INFO:colcon.colcon_core.shell:Creating prefix chain script '/home/prince/Desktop/ros2_2ndsem/install/setup.zsh'
