[0.012s] Invoking command in '/home/prince/Desktop/ros2_2ndsem/build/my_robot_bringup': CMAKE_PREFIX_PATH=${CMAKE_PREFIX_PATH}:/home/prince/ros2_ws/install/my_py_pkg:/opt/ros/jazzy DEBUGINFOD_URLS=https://debuginfod.ubuntu.com /usr/bin/cmake /home/prince/Desktop/ros2_2ndsem/src/my_robot_bringup -DAMENT_CMAKE_SYMLINK_INSTALL=1 -DCMAKE_INSTALL_PREFIX=/home/prince/Desktop/ros2_2ndsem/install/my_robot_bringup
[0.080s] -- The C compiler identification is GNU 13.3.0
[0.152s] -- The CXX compiler identification is GNU 13.3.0
[0.172s] -- Detecting C compiler ABI info
[0.280s] -- Detecting C compiler ABI info - done
[0.293s] -- Check for working C compiler: /usr/bin/cc - skipped
[0.293s] -- Detecting C compile features
[0.294s] -- Detecting C compile features - done
[0.305s] -- Detecting CXX compiler ABI info
[0.426s] -- Detecting CXX compiler ABI info - done
[0.444s] -- Check for working CXX compiler: /usr/bin/c++ - skipped
[0.444s] -- Detecting CXX compile features
[0.445s] -- Detecting CXX compile features - done
[0.450s] -- Found ament_cmake: 2.5.3 (/opt/ros/jazzy/share/ament_cmake/cmake)
[0.647s] -- Found Python3: /usr/bin/python3 (found version "3.12.3") found components: Interpreter 
[0.748s] -- Override CMake install command with custom implementation using symlinks instead of copying resources
[0.908s] -- Configuring done (0.9s)
[0.912s] -- Generating done (0.0s)
[0.914s] -- Build files have been written to: /home/prince/Desktop/ros2_2ndsem/build/my_robot_bringup
[0.920s] Invoked command in '/home/prince/Desktop/ros2_2ndsem/build/my_robot_bringup' returned '0': CMAKE_PREFIX_PATH=${CMAKE_PREFIX_PATH}:/home/prince/ros2_ws/install/my_py_pkg:/opt/ros/jazzy DEBUGINFOD_URLS=https://debuginfod.ubuntu.com /usr/bin/cmake /home/prince/Desktop/ros2_2ndsem/src/my_robot_bringup -DAMENT_CMAKE_SYMLINK_INSTALL=1 -DCMAKE_INSTALL_PREFIX=/home/prince/Desktop/ros2_2ndsem/install/my_robot_bringup
[0.922s] Invoking command in '/home/prince/Desktop/ros2_2ndsem/build/my_robot_bringup': CMAKE_PREFIX_PATH=${CMAKE_PREFIX_PATH}:/home/prince/ros2_ws/install/my_py_pkg:/opt/ros/jazzy DEBUGINFOD_URLS=https://debuginfod.ubuntu.com /usr/bin/cmake --build /home/prince/Desktop/ros2_2ndsem/build/my_robot_bringup -- -j4 -l4
[0.972s] Invoked command in '/home/prince/Desktop/ros2_2ndsem/build/my_robot_bringup' returned '0': CMAKE_PREFIX_PATH=${CMAKE_PREFIX_PATH}:/home/prince/ros2_ws/install/my_py_pkg:/opt/ros/jazzy DEBUGINFOD_URLS=https://debuginfod.ubuntu.com /usr/bin/cmake --build /home/prince/Desktop/ros2_2ndsem/build/my_robot_bringup -- -j4 -l4
[0.973s] Invoking command in '/home/prince/Desktop/ros2_2ndsem/build/my_robot_bringup': CMAKE_PREFIX_PATH=${CMAKE_PREFIX_PATH}:/home/prince/ros2_ws/install/my_py_pkg:/opt/ros/jazzy DEBUGINFOD_URLS=https://debuginfod.ubuntu.com /usr/bin/cmake --install /home/prince/Desktop/ros2_2ndsem/build/my_robot_bringup
[0.982s] -- Install configuration: ""
[0.983s] -- Execute custom install script
[0.984s] -- Symlinking: /home/prince/Desktop/ros2_2ndsem/install/my_robot_bringup/share/my_robot_bringup//launch/my_robot_gazebo.launch.xml
[0.995s] -- Symlinking: /home/prince/Desktop/ros2_2ndsem/install/my_robot_bringup/share/my_robot_bringup//rviz/urdf_config.rviz
[1.006s] -- Symlinking: /home/prince/Desktop/ros2_2ndsem/install/my_robot_bringup/share/ament_index/resource_index/package_run_dependencies/my_robot_bringup
[1.017s] -- Symlinking: /home/prince/Desktop/ros2_2ndsem/install/my_robot_bringup/share/ament_index/resource_index/parent_prefix_path/my_robot_bringup
[1.028s] -- Symlinking: /home/prince/Desktop/ros2_2ndsem/install/my_robot_bringup/share/my_robot_bringup/environment/ament_prefix_path.sh
[1.039s] -- Symlinking: /home/prince/Desktop/ros2_2ndsem/install/my_robot_bringup/share/my_robot_bringup/environment/ament_prefix_path.dsv
[1.050s] -- Symlinking: /home/prince/Desktop/ros2_2ndsem/install/my_robot_bringup/share/my_robot_bringup/environment/path.sh
[1.061s] -- Symlinking: /home/prince/Desktop/ros2_2ndsem/install/my_robot_bringup/share/my_robot_bringup/environment/path.dsv
[1.071s] -- Symlinking: /home/prince/Desktop/ros2_2ndsem/install/my_robot_bringup/share/my_robot_bringup/local_setup.bash
[1.083s] -- Symlinking: /home/prince/Desktop/ros2_2ndsem/install/my_robot_bringup/share/my_robot_bringup/local_setup.sh
[1.094s] -- Symlinking: /home/prince/Desktop/ros2_2ndsem/install/my_robot_bringup/share/my_robot_bringup/local_setup.zsh
[1.104s] -- Symlinking: /home/prince/Desktop/ros2_2ndsem/install/my_robot_bringup/share/my_robot_bringup/local_setup.dsv
[1.115s] -- Symlinking: /home/prince/Desktop/ros2_2ndsem/install/my_robot_bringup/share/my_robot_bringup/package.dsv
[1.126s] -- Symlinking: /home/prince/Desktop/ros2_2ndsem/install/my_robot_bringup/share/ament_index/resource_index/packages/my_robot_bringup
[1.137s] -- Symlinking: /home/prince/Desktop/ros2_2ndsem/install/my_robot_bringup/share/my_robot_bringup/cmake/my_robot_bringupConfig.cmake
[1.148s] -- Symlinking: /home/prince/Desktop/ros2_2ndsem/install/my_robot_bringup/share/my_robot_bringup/cmake/my_robot_bringupConfig-version.cmake
[1.158s] -- Symlinking: /home/prince/Desktop/ros2_2ndsem/install/my_robot_bringup/share/my_robot_bringup/package.xml
[1.171s] Invoked command in '/home/prince/Desktop/ros2_2ndsem/build/my_robot_bringup' returned '0': CMAKE_PREFIX_PATH=${CMAKE_PREFIX_PATH}:/home/prince/ros2_ws/install/my_py_pkg:/opt/ros/jazzy DEBUGINFOD_URLS=https://debuginfod.ubuntu.com /usr/bin/cmake --install /home/prince/Desktop/ros2_2ndsem/build/my_robot_bringup
