[0.014s] Invoking command in '/home/prince/Desktop/ros2_2ndsem/build/my_robot_bringup': CMAKE_PREFIX_PATH=/home/prince/Desktop/ros2_2ndsem/install/my_robot_description:/home/prince/Desktop/ros2_2ndsem/install/my_robot_bringup:/home/prince/ros2_ws/install/my_pkg_cpp:/opt/ros/jazzy/opt/gz_sim_vendor:/opt/ros/jazzy/opt/gz_sensors_vendor:/opt/ros/jazzy/opt/gz_physics_vendor:/opt/ros/jazzy/opt/sdformat_vendor:/opt/ros/jazzy/opt/gz_gui_vendor:/opt/ros/jazzy/opt/gz_transport_vendor:/opt/ros/jazzy/opt/gz_rendering_vendor:/opt/ros/jazzy/opt/gz_plugin_vendor:/opt/ros/jazzy/opt/gz_fuel_tools_vendor:/opt/ros/jazzy/opt/gz_msgs_vendor:/opt/ros/jazzy/opt/gz_common_vendor:/opt/ros/jazzy/opt/gz_math_vendor:/opt/ros/jazzy/opt/gz_utils_vendor:/opt/ros/jazzy/opt/gz_tools_vendor:/opt/ros/jazzy/opt/gz_ogre_next_vendor:/opt/ros/jazzy/opt/gz_dartsim_vendor:/opt/ros/jazzy/opt/gz_cmake_vendor:/home/prince/ros2_ws/install/my_py_pkg:/opt/ros/jazzy DEBUGINFOD_URLS=https://debuginfod.ubuntu.com /usr/bin/cmake --build /home/prince/Desktop/ros2_2ndsem/build/my_robot_bringup -- -j4 -l4
[0.067s] Invoked command in '/home/prince/Desktop/ros2_2ndsem/build/my_robot_bringup' returned '0': CMAKE_PREFIX_PATH=/home/prince/Desktop/ros2_2ndsem/install/my_robot_description:/home/prince/Desktop/ros2_2ndsem/install/my_robot_bringup:/home/prince/ros2_ws/install/my_pkg_cpp:/opt/ros/jazzy/opt/gz_sim_vendor:/opt/ros/jazzy/opt/gz_sensors_vendor:/opt/ros/jazzy/opt/gz_physics_vendor:/opt/ros/jazzy/opt/sdformat_vendor:/opt/ros/jazzy/opt/gz_gui_vendor:/opt/ros/jazzy/opt/gz_transport_vendor:/opt/ros/jazzy/opt/gz_rendering_vendor:/opt/ros/jazzy/opt/gz_plugin_vendor:/opt/ros/jazzy/opt/gz_fuel_tools_vendor:/opt/ros/jazzy/opt/gz_msgs_vendor:/opt/ros/jazzy/opt/gz_common_vendor:/opt/ros/jazzy/opt/gz_math_vendor:/opt/ros/jazzy/opt/gz_utils_vendor:/opt/ros/jazzy/opt/gz_tools_vendor:/opt/ros/jazzy/opt/gz_ogre_next_vendor:/opt/ros/jazzy/opt/gz_dartsim_vendor:/opt/ros/jazzy/opt/gz_cmake_vendor:/home/prince/ros2_ws/install/my_py_pkg:/opt/ros/jazzy DEBUGINFOD_URLS=https://debuginfod.ubuntu.com /usr/bin/cmake --build /home/prince/Desktop/ros2_2ndsem/build/my_robot_bringup -- -j4 -l4
[0.069s] Invoking command in '/home/prince/Desktop/ros2_2ndsem/build/my_robot_bringup': CMAKE_PREFIX_PATH=/home/prince/Desktop/ros2_2ndsem/install/my_robot_description:/home/prince/Desktop/ros2_2ndsem/install/my_robot_bringup:/home/prince/ros2_ws/install/my_pkg_cpp:/opt/ros/jazzy/opt/gz_sim_vendor:/opt/ros/jazzy/opt/gz_sensors_vendor:/opt/ros/jazzy/opt/gz_physics_vendor:/opt/ros/jazzy/opt/sdformat_vendor:/opt/ros/jazzy/opt/gz_gui_vendor:/opt/ros/jazzy/opt/gz_transport_vendor:/opt/ros/jazzy/opt/gz_rendering_vendor:/opt/ros/jazzy/opt/gz_plugin_vendor:/opt/ros/jazzy/opt/gz_fuel_tools_vendor:/opt/ros/jazzy/opt/gz_msgs_vendor:/opt/ros/jazzy/opt/gz_common_vendor:/opt/ros/jazzy/opt/gz_math_vendor:/opt/ros/jazzy/opt/gz_utils_vendor:/opt/ros/jazzy/opt/gz_tools_vendor:/opt/ros/jazzy/opt/gz_ogre_next_vendor:/opt/ros/jazzy/opt/gz_dartsim_vendor:/opt/ros/jazzy/opt/gz_cmake_vendor:/home/prince/ros2_ws/install/my_py_pkg:/opt/ros/jazzy DEBUGINFOD_URLS=https://debuginfod.ubuntu.com /usr/bin/cmake --install /home/prince/Desktop/ros2_2ndsem/build/my_robot_bringup
[0.079s] -- Install configuration: ""
[0.080s] -- Execute custom install script
[0.080s] -- Up-to-date symlink: /home/prince/Desktop/ros2_2ndsem/install/my_robot_bringup/share/my_robot_bringup//launch/my_robot.launch.xml
[0.081s] -- Up-to-date symlink: /home/prince/Desktop/ros2_2ndsem/install/my_robot_bringup/share/my_robot_bringup//config/gazebo_bridge.yaml
[0.081s] -- Up-to-date symlink: /home/prince/Desktop/ros2_2ndsem/install/my_robot_bringup/share/my_robot_bringup//worlds/test_world.sdf
[0.081s] -- Up-to-date symlink: /home/prince/Desktop/ros2_2ndsem/install/my_robot_bringup/share/ament_index/resource_index/package_run_dependencies/my_robot_bringup
[0.081s] -- Up-to-date symlink: /home/prince/Desktop/ros2_2ndsem/install/my_robot_bringup/share/ament_index/resource_index/parent_prefix_path/my_robot_bringup
[0.082s] -- Up-to-date symlink: /home/prince/Desktop/ros2_2ndsem/install/my_robot_bringup/share/my_robot_bringup/environment/ament_prefix_path.sh
[0.082s] -- Up-to-date symlink: /home/prince/Desktop/ros2_2ndsem/install/my_robot_bringup/share/my_robot_bringup/environment/ament_prefix_path.dsv
[0.082s] -- Up-to-date symlink: /home/prince/Desktop/ros2_2ndsem/install/my_robot_bringup/share/my_robot_bringup/environment/path.sh
[0.082s] -- Up-to-date symlink: /home/prince/Desktop/ros2_2ndsem/install/my_robot_bringup/share/my_robot_bringup/environment/path.dsv
[0.083s] -- Up-to-date symlink: /home/prince/Desktop/ros2_2ndsem/install/my_robot_bringup/share/my_robot_bringup/local_setup.bash
[0.083s] -- Up-to-date symlink: /home/prince/Desktop/ros2_2ndsem/install/my_robot_bringup/share/my_robot_bringup/local_setup.sh
[0.083s] -- Up-to-date symlink: /home/prince/Desktop/ros2_2ndsem/install/my_robot_bringup/share/my_robot_bringup/local_setup.zsh
[0.083s] -- Up-to-date symlink: /home/prince/Desktop/ros2_2ndsem/install/my_robot_bringup/share/my_robot_bringup/local_setup.dsv
[0.084s] -- Symlinking: /home/prince/Desktop/ros2_2ndsem/install/my_robot_bringup/share/my_robot_bringup/package.dsv
[0.096s] -- Up-to-date symlink: /home/prince/Desktop/ros2_2ndsem/install/my_robot_bringup/share/ament_index/resource_index/packages/my_robot_bringup
[0.096s] -- Up-to-date symlink: /home/prince/Desktop/ros2_2ndsem/install/my_robot_bringup/share/my_robot_bringup/cmake/my_robot_bringupConfig.cmake
[0.097s] -- Up-to-date symlink: /home/prince/Desktop/ros2_2ndsem/install/my_robot_bringup/share/my_robot_bringup/cmake/my_robot_bringupConfig-version.cmake
[0.097s] -- Up-to-date symlink: /home/prince/Desktop/ros2_2ndsem/install/my_robot_bringup/share/my_robot_bringup/package.xml
[0.100s] Invoked command in '/home/prince/Desktop/ros2_2ndsem/build/my_robot_bringup' returned '0': CMAKE_PREFIX_PATH=/home/prince/Desktop/ros2_2ndsem/install/my_robot_description:/home/prince/Desktop/ros2_2ndsem/install/my_robot_bringup:/home/prince/ros2_ws/install/my_pkg_cpp:/opt/ros/jazzy/opt/gz_sim_vendor:/opt/ros/jazzy/opt/gz_sensors_vendor:/opt/ros/jazzy/opt/gz_physics_vendor:/opt/ros/jazzy/opt/sdformat_vendor:/opt/ros/jazzy/opt/gz_gui_vendor:/opt/ros/jazzy/opt/gz_transport_vendor:/opt/ros/jazzy/opt/gz_rendering_vendor:/opt/ros/jazzy/opt/gz_plugin_vendor:/opt/ros/jazzy/opt/gz_fuel_tools_vendor:/opt/ros/jazzy/opt/gz_msgs_vendor:/opt/ros/jazzy/opt/gz_common_vendor:/opt/ros/jazzy/opt/gz_math_vendor:/opt/ros/jazzy/opt/gz_utils_vendor:/opt/ros/jazzy/opt/gz_tools_vendor:/opt/ros/jazzy/opt/gz_ogre_next_vendor:/opt/ros/jazzy/opt/gz_dartsim_vendor:/opt/ros/jazzy/opt/gz_cmake_vendor:/home/prince/ros2_ws/install/my_py_pkg:/opt/ros/jazzy DEBUGINFOD_URLS=https://debuginfod.ubuntu.com /usr/bin/cmake --install /home/prince/Desktop/ros2_2ndsem/build/my_robot_bringup
