[0.141s] Invoking command in '/home/prince/Desktop/ros2_2ndsem/build/gz_cmake_vendor': CMAKE_PREFIX_PATH=${CMAKE_PREFIX_PATH}:/home/prince/ros2_ws/install/my_py_pkg:/opt/ros/jazzy DEBUGINFOD_URLS=https://debuginfod.ubuntu.com /usr/bin/cmake /home/prince/Desktop/ros2_2ndsem/gz_libs/gz_cmake_vendor -DCMAKE_INSTALL_PREFIX=/home/prince/Desktop/ros2_2ndsem/install/gz_cmake_vendor
[1.263s] -- The C compiler identification is GNU 13.3.0
[1.922s] -- The CXX compiler identification is GNU 13.3.0
[2.083s] -- Detecting C compiler ABI info
[2.367s] -- Detecting C compiler ABI info - done
[2.381s] -- Check for working C compiler: /usr/bin/cc - skipped
[2.382s] -- Detecting C compile features
[2.382s] -- Detecting C compile features - done
[2.413s] -- Detecting CXX compiler ABI info
[2.595s] -- Detecting CXX compiler ABI info - done
[2.610s] -- Check for working CXX compiler: /usr/bin/c++ - skipped
[2.610s] -- Detecting CXX compile features
[2.611s] -- Detecting CXX compile features - done
[2.705s] -- Found ament_cmake_core: 2.5.3 (/opt/ros/jazzy/share/ament_cmake_core/cmake)
[2.976s] -- Found Python3: /usr/bin/python3 (found version "3.12.3") found components: Interpreter 
[3.244s] [31mCMake Error at CMakeLists.txt:20 (find_package):
[3.245s]   By not providing "Findament_cmake_vendor_package.cmake" in
[3.245s]   CMAKE_MODULE_PATH this project has asked CMake to find a package
[3.246s]   configuration file provided by "ament_cmake_vendor_package", but CMake did
[3.246s]   not find one.
[3.247s] 
[3.247s]   Could not find a package configuration file provided by
[3.248s]   "ament_cmake_vendor_package" with any of the following names:
[3.248s] 
[3.249s]     ament_cmake_vendor_packageConfig.cmake
[3.249s]     ament_cmake_vendor_package-config.cmake
[3.250s] 
[3.250s]   Add the installation prefix of "ament_cmake_vendor_package" to
[3.251s]   CMAKE_PREFIX_PATH or set "ament_cmake_vendor_package_DIR" to a directory
[3.251s]   containing one of the above files.  If "ament_cmake_vendor_package"
[3.252s]   provides a separate development package or SDK, be sure it has been
[3.252s]   installed.
[3.253s] 
[3.253s] [0m
[3.254s] -- Configuring incomplete, errors occurred!
[3.259s] Invoked command in '/home/prince/Desktop/ros2_2ndsem/build/gz_cmake_vendor' returned '1': CMAKE_PREFIX_PATH=${CMAKE_PREFIX_PATH}:/home/prince/ros2_ws/install/my_py_pkg:/opt/ros/jazzy DEBUGINFOD_URLS=https://debuginfod.ubuntu.com /usr/bin/cmake /home/prince/Desktop/ros2_2ndsem/gz_libs/gz_cmake_vendor -DCMAKE_INSTALL_PREFIX=/home/prince/Desktop/ros2_2ndsem/install/gz_cmake_vendor
