[0.021s] Invoking command in '/home/prince/Desktop/ros2_2ndsem/build/my_robot_description': CMAKE_PREFIX_PATH=${CMAKE_PREFIX_PATH}:/home/prince/ros2_ws/install/my_py_pkg:/opt/ros/jazzy DEBUGINFOD_URLS=https://debuginfod.ubuntu.com /usr/bin/cmake /home/prince/Desktop/ros2_2ndsem/src/my_robot_description -DAMENT_CMAKE_SYMLINK_INSTALL=1 -DCMAKE_INSTALL_PREFIX=/home/prince/Desktop/ros2_2ndsem/install/my_robot_description
[0.225s] -- Found ament_cmake: 2.5.3 (/opt/ros/jazzy/share/ament_cmake/cmake)
[0.636s] -- Override CMake install command with custom implementation using symlinks instead of copying resources
[0.904s] -- Configuring done (0.9s)
[1.013s] -- Generating done (0.1s)
[1.016s] -- Build files have been written to: /home/prince/Desktop/ros2_2ndsem/build/my_robot_description
[1.020s] Invoked command in '/home/prince/Desktop/ros2_2ndsem/build/my_robot_description' returned '0': CMAKE_PREFIX_PATH=${CMAKE_PREFIX_PATH}:/home/prince/ros2_ws/install/my_py_pkg:/opt/ros/jazzy DEBUGINFOD_URLS=https://debuginfod.ubuntu.com /usr/bin/cmake /home/prince/Desktop/ros2_2ndsem/src/my_robot_description -DAMENT_CMAKE_SYMLINK_INSTALL=1 -DCMAKE_INSTALL_PREFIX=/home/prince/Desktop/ros2_2ndsem/install/my_robot_description
[1.022s] Invoking command in '/home/prince/Desktop/ros2_2ndsem/build/my_robot_description': CMAKE_PREFIX_PATH=${CMAKE_PREFIX_PATH}:/home/prince/ros2_ws/install/my_py_pkg:/opt/ros/jazzy DEBUGINFOD_URLS=https://debuginfod.ubuntu.com /usr/bin/cmake --build /home/prince/Desktop/ros2_2ndsem/build/my_robot_description -- -j4 -l4
[1.078s] Invoked command in '/home/prince/Desktop/ros2_2ndsem/build/my_robot_description' returned '0': CMAKE_PREFIX_PATH=${CMAKE_PREFIX_PATH}:/home/prince/ros2_ws/install/my_py_pkg:/opt/ros/jazzy DEBUGINFOD_URLS=https://debuginfod.ubuntu.com /usr/bin/cmake --build /home/prince/Desktop/ros2_2ndsem/build/my_robot_description -- -j4 -l4
[1.092s] Invoking command in '/home/prince/Desktop/ros2_2ndsem/build/my_robot_description': CMAKE_PREFIX_PATH=${CMAKE_PREFIX_PATH}:/home/prince/ros2_ws/install/my_py_pkg:/opt/ros/jazzy DEBUGINFOD_URLS=https://debuginfod.ubuntu.com /usr/bin/cmake --install /home/prince/Desktop/ros2_2ndsem/build/my_robot_description
[1.104s] -- Install configuration: ""
[1.105s] -- Execute custom install script
[1.105s] -- Up-to-date symlink: /home/prince/Desktop/ros2_2ndsem/install/my_robot_description/share/my_robot_description//urdf/camera.xacro
[1.105s] -- Up-to-date symlink: /home/prince/Desktop/ros2_2ndsem/install/my_robot_description/share/my_robot_description//urdf/common_properties.xacro
[1.106s] -- Up-to-date symlink: /home/prince/Desktop/ros2_2ndsem/install/my_robot_description/share/my_robot_description//urdf/mobile_base.xacro
[1.106s] -- Up-to-date symlink: /home/prince/Desktop/ros2_2ndsem/install/my_robot_description/share/my_robot_description//urdf/mobile_base_gazebo.xacro
[1.106s] -- Up-to-date symlink: /home/prince/Desktop/ros2_2ndsem/install/my_robot_description/share/my_robot_description//urdf/my_robot.urdf.xacro
[1.106s] -- Up-to-date symlink: /home/prince/Desktop/ros2_2ndsem/install/my_robot_description/share/my_robot_description//rviz/urdf_config.rviz
[1.107s] -- Up-to-date symlink: /home/prince/Desktop/ros2_2ndsem/install/my_robot_description/share/my_robot_description//launch/display.launch.py
[1.107s] -- Up-to-date symlink: /home/prince/Desktop/ros2_2ndsem/install/my_robot_description/share/my_robot_description//launch/display.launch.xml
[1.108s] -- Up-to-date symlink: /home/prince/Desktop/ros2_2ndsem/install/my_robot_description/share/ament_index/resource_index/package_run_dependencies/my_robot_description
[1.109s] -- Up-to-date symlink: /home/prince/Desktop/ros2_2ndsem/install/my_robot_description/share/ament_index/resource_index/parent_prefix_path/my_robot_description
[1.109s] -- Up-to-date symlink: /home/prince/Desktop/ros2_2ndsem/install/my_robot_description/share/my_robot_description/environment/ament_prefix_path.sh
[1.110s] -- Up-to-date symlink: /home/prince/Desktop/ros2_2ndsem/install/my_robot_description/share/my_robot_description/environment/ament_prefix_path.dsv
[1.110s] -- Up-to-date symlink: /home/prince/Desktop/ros2_2ndsem/install/my_robot_description/share/my_robot_description/environment/path.sh
[1.111s] -- Up-to-date symlink: /home/prince/Desktop/ros2_2ndsem/install/my_robot_description/share/my_robot_description/environment/path.dsv
[1.111s] -- Up-to-date symlink: /home/prince/Desktop/ros2_2ndsem/install/my_robot_description/share/my_robot_description/local_setup.bash
[1.112s] -- Up-to-date symlink: /home/prince/Desktop/ros2_2ndsem/install/my_robot_description/share/my_robot_description/local_setup.sh
[1.112s] -- Up-to-date symlink: /home/prince/Desktop/ros2_2ndsem/install/my_robot_description/share/my_robot_description/local_setup.zsh
[1.113s] -- Up-to-date symlink: /home/prince/Desktop/ros2_2ndsem/install/my_robot_description/share/my_robot_description/local_setup.dsv
[1.113s] -- Symlinking: /home/prince/Desktop/ros2_2ndsem/install/my_robot_description/share/my_robot_description/package.dsv
[1.127s] -- Up-to-date symlink: /home/prince/Desktop/ros2_2ndsem/install/my_robot_description/share/ament_index/resource_index/packages/my_robot_description
[1.127s] -- Up-to-date symlink: /home/prince/Desktop/ros2_2ndsem/install/my_robot_description/share/my_robot_description/cmake/my_robot_descriptionConfig.cmake
[1.127s] -- Up-to-date symlink: /home/prince/Desktop/ros2_2ndsem/install/my_robot_description/share/my_robot_description/cmake/my_robot_descriptionConfig-version.cmake
[1.128s] -- Up-to-date symlink: /home/prince/Desktop/ros2_2ndsem/install/my_robot_description/share/my_robot_description/package.xml
[1.130s] Invoked command in '/home/prince/Desktop/ros2_2ndsem/build/my_robot_description' returned '0': CMAKE_PREFIX_PATH=${CMAKE_PREFIX_PATH}:/home/prince/ros2_ws/install/my_py_pkg:/opt/ros/jazzy DEBUGINFOD_URLS=https://debuginfod.ubuntu.com /usr/bin/cmake --install /home/prince/Desktop/ros2_2ndsem/build/my_robot_description
