[0.022s] Invoking command in '/home/prince/Desktop/ros2_2ndsem/build/gz_cmake_vendor': CMAKE_PREFIX_PATH=${CMAKE_PREFIX_PATH}:/home/prince/ros2_ws/install/my_py_pkg:/opt/ros/jazzy DEBUGINFOD_URLS=https://debuginfod.ubuntu.com /usr/bin/cmake /home/prince/Desktop/ros2_2ndsem/gz_libs/gz_cmake_vendor -DCMAKE_INSTALL_PREFIX=/home/prince/Desktop/ros2_2ndsem/install/gz_cmake_vendor
[0.050s] -- Found ament_cmake_core: 2.5.3 (/opt/ros/jazzy/share/ament_cmake_core/cmake)
[0.414s] [31mCMake Error at CMakeLists.txt:20 (find_package):
[0.414s]   By not providing "Findament_cmake_vendor_package.cmake" in
[0.414s]   CMAKE_MODULE_PATH this project has asked CMake to find a package
[0.414s]   configuration file provided by "ament_cmake_vendor_package", but CMake did
[0.414s]   not find one.
[0.415s] 
[0.415s]   Could not find a package configuration file provided by
[0.415s]   "ament_cmake_vendor_package" with any of the following names:
[0.415s] 
[0.415s]     ament_cmake_vendor_packageConfig.cmake
[0.415s]     ament_cmake_vendor_package-config.cmake
[0.416s] 
[0.416s]   Add the installation prefix of "ament_cmake_vendor_package" to
[0.416s]   CMAKE_PREFIX_PATH or set "ament_cmake_vendor_package_DIR" to a directory
[0.416s]   containing one of the above files.  If "ament_cmake_vendor_package"
[0.416s]   provides a separate development package or SDK, be sure it has been
[0.417s]   installed.
[0.417s] 
[0.417s] [0m
[0.417s] -- Configuring incomplete, errors occurred!
[0.419s] Invoked command in '/home/prince/Desktop/ros2_2ndsem/build/gz_cmake_vendor' returned '1': CMAKE_PREFIX_PATH=${CMAKE_PREFIX_PATH}:/home/prince/ros2_ws/install/my_py_pkg:/opt/ros/jazzy DEBUGINFOD_URLS=https://debuginfod.ubuntu.com /usr/bin/cmake /home/prince/Desktop/ros2_2ndsem/gz_libs/gz_cmake_vendor -DCMAKE_INSTALL_PREFIX=/home/prince/Desktop/ros2_2ndsem/install/gz_cmake_vendor
