[0.299s] DEBUG:colcon:Command line arguments: ['/usr/bin/colcon', 'build']
[0.299s] DEBUG:colcon:Parsed command line arguments: Namespace(log_base=None, log_level=None, verb_name='build', build_base='build', install_base='install', merge_install=False, symlink_install=False, test_result_base=None, continue_on_error=False, executor='parallel', parallel_workers=4, event_handlers=None, ignore_user_meta=False, metas=['./colcon.meta'], base_paths=['.'], packages_ignore=None, packages_ignore_regex=None, paths=None, packages_up_to=None, packages_up_to_regex=None, packages_above=None, packages_above_and_dependencies=None, packages_above_depth=None, packages_select_by_dep=None, packages_skip_by_dep=None, packages_skip_up_to=None, packages_select_build_failed=False, packages_skip_build_finished=False, packages_select_test_failures=False, packages_skip_test_passed=False, packages_select=None, packages_skip=None, packages_select_regex=None, packages_skip_regex=None, packages_start=None, packages_end=None, allow_overriding=[], cmake_args=None, cmake_target=None, cmake_target_skip_unavailable=False, cmake_clean_cache=False, cmake_clean_first=False, cmake_force_configure=False, ament_cmake_args=None, catkin_cmake_args=None, catkin_skip_building_tests=False, mixin_files=None, mixin=None, verb_parser=<colcon_mixin.mixin.mixin_argument.MixinArgumentDecorator object at 0x7e11eb66b980>, verb_extension=<colcon_core.verb.build.BuildVerb object at 0x7e11eb66b710>, main=<bound method BuildVerb.main of <colcon_core.verb.build.BuildVerb object at 0x7e11eb66b710>>, mixin_verb=('build',))
[0.552s] Level 1:colcon.colcon_core.package_discovery:discover_packages(colcon_meta) check parameters
[0.552s] Level 1:colcon.colcon_core.package_discovery:discover_packages(recursive) check parameters
[0.552s] Level 1:colcon.colcon_core.package_discovery:discover_packages(ignore) check parameters
[0.552s] Level 1:colcon.colcon_core.package_discovery:discover_packages(path) check parameters
[0.552s] Level 1:colcon.colcon_core.package_discovery:discover_packages(colcon_meta) discover
[0.552s] Level 1:colcon.colcon_core.package_discovery:discover_packages(recursive) discover
[0.553s] INFO:colcon.colcon_core.package_discovery:Crawling recursively for packages in '/home/prince/Desktop/ros2_2ndsem'
[0.553s] Level 1:colcon.colcon_core.package_identification:_identify(.) by extensions ['ignore', 'ignore_ament_install']
[0.553s] Level 1:colcon.colcon_core.package_identification:_identify(.) by extension 'ignore'
[0.553s] Level 1:colcon.colcon_core.package_identification:_identify(.) by extension 'ignore_ament_install'
[0.553s] Level 1:colcon.colcon_core.package_identification:_identify(.) by extensions ['colcon_pkg']
[0.553s] Level 1:colcon.colcon_core.package_identification:_identify(.) by extension 'colcon_pkg'
[0.553s] Level 1:colcon.colcon_core.package_identification:_identify(.) by extensions ['colcon_meta']
[0.553s] Level 1:colcon.colcon_core.package_identification:_identify(.) by extension 'colcon_meta'
[0.553s] Level 1:colcon.colcon_core.package_identification:_identify(.) by extensions ['ros']
[0.553s] Level 1:colcon.colcon_core.package_identification:_identify(.) by extension 'ros'
[0.592s] Level 1:colcon.colcon_core.package_identification:_identify(.) by extensions ['cmake', 'python']
[0.593s] Level 1:colcon.colcon_core.package_identification:_identify(.) by extension 'cmake'
[0.593s] Level 1:colcon.colcon_core.package_identification:_identify(.) by extension 'python'
[0.593s] Level 1:colcon.colcon_core.package_identification:_identify(.) by extensions ['python_setup_py']
[0.593s] Level 1:colcon.colcon_core.package_identification:_identify(.) by extension 'python_setup_py'
[0.593s] Level 1:colcon.colcon_core.package_identification:_identify(build) by extensions ['ignore', 'ignore_ament_install']
[0.593s] Level 1:colcon.colcon_core.package_identification:_identify(build) by extension 'ignore'
[0.593s] Level 1:colcon.colcon_core.package_identification:_identify(build) ignored
[0.594s] Level 1:colcon.colcon_core.package_identification:_identify(install) by extensions ['ignore', 'ignore_ament_install']
[0.594s] Level 1:colcon.colcon_core.package_identification:_identify(install) by extension 'ignore'
[0.594s] Level 1:colcon.colcon_core.package_identification:_identify(install) ignored
[0.594s] Level 1:colcon.colcon_core.package_identification:_identify(log) by extensions ['ignore', 'ignore_ament_install']
[0.594s] Level 1:colcon.colcon_core.package_identification:_identify(log) by extension 'ignore'
[0.594s] Level 1:colcon.colcon_core.package_identification:_identify(log) ignored
[0.594s] Level 1:colcon.colcon_core.package_identification:_identify(src) by extensions ['ignore', 'ignore_ament_install']
[0.594s] Level 1:colcon.colcon_core.package_identification:_identify(src) by extension 'ignore'
[0.594s] Level 1:colcon.colcon_core.package_identification:_identify(src) by extension 'ignore_ament_install'
[0.595s] Level 1:colcon.colcon_core.package_identification:_identify(src) by extensions ['colcon_pkg']
[0.595s] Level 1:colcon.colcon_core.package_identification:_identify(src) by extension 'colcon_pkg'
[0.595s] Level 1:colcon.colcon_core.package_identification:_identify(src) by extensions ['colcon_meta']
[0.595s] Level 1:colcon.colcon_core.package_identification:_identify(src) by extension 'colcon_meta'
[0.595s] Level 1:colcon.colcon_core.package_identification:_identify(src) by extensions ['ros']
[0.595s] Level 1:colcon.colcon_core.package_identification:_identify(src) by extension 'ros'
[0.595s] Level 1:colcon.colcon_core.package_identification:_identify(src) by extensions ['cmake', 'python']
[0.595s] Level 1:colcon.colcon_core.package_identification:_identify(src) by extension 'cmake'
[0.595s] Level 1:colcon.colcon_core.package_identification:_identify(src) by extension 'python'
[0.595s] Level 1:colcon.colcon_core.package_identification:_identify(src) by extensions ['python_setup_py']
[0.595s] Level 1:colcon.colcon_core.package_identification:_identify(src) by extension 'python_setup_py'
[0.595s] Level 1:colcon.colcon_core.package_identification:_identify(src/my_robot_bringup) by extensions ['ignore', 'ignore_ament_install']
[0.595s] Level 1:colcon.colcon_core.package_identification:_identify(src/my_robot_bringup) by extension 'ignore'
[0.595s] Level 1:colcon.colcon_core.package_identification:_identify(src/my_robot_bringup) by extension 'ignore_ament_install'
[0.595s] Level 1:colcon.colcon_core.package_identification:_identify(src/my_robot_bringup) by extensions ['colcon_pkg']
[0.595s] Level 1:colcon.colcon_core.package_identification:_identify(src/my_robot_bringup) by extension 'colcon_pkg'
[0.596s] Level 1:colcon.colcon_core.package_identification:_identify(src/my_robot_bringup) by extensions ['colcon_meta']
[0.596s] Level 1:colcon.colcon_core.package_identification:_identify(src/my_robot_bringup) by extension 'colcon_meta'
[0.596s] Level 1:colcon.colcon_core.package_identification:_identify(src/my_robot_bringup) by extensions ['ros']
[0.596s] Level 1:colcon.colcon_core.package_identification:_identify(src/my_robot_bringup) by extension 'ros'
[0.599s] DEBUG:colcon.colcon_core.package_identification:Package 'src/my_robot_bringup' with type 'ros.ament_cmake' and name 'my_robot_bringup'
[0.599s] Level 1:colcon.colcon_core.package_identification:_identify(src/my_robot_description) by extensions ['ignore', 'ignore_ament_install']
[0.599s] Level 1:colcon.colcon_core.package_identification:_identify(src/my_robot_description) by extension 'ignore'
[0.599s] Level 1:colcon.colcon_core.package_identification:_identify(src/my_robot_description) by extension 'ignore_ament_install'
[0.599s] Level 1:colcon.colcon_core.package_identification:_identify(src/my_robot_description) by extensions ['colcon_pkg']
[0.599s] Level 1:colcon.colcon_core.package_identification:_identify(src/my_robot_description) by extension 'colcon_pkg'
[0.599s] Level 1:colcon.colcon_core.package_identification:_identify(src/my_robot_description) by extensions ['colcon_meta']
[0.599s] Level 1:colcon.colcon_core.package_identification:_identify(src/my_robot_description) by extension 'colcon_meta'
[0.599s] Level 1:colcon.colcon_core.package_identification:_identify(src/my_robot_description) by extensions ['ros']
[0.599s] Level 1:colcon.colcon_core.package_identification:_identify(src/my_robot_description) by extension 'ros'
[0.600s] DEBUG:colcon.colcon_core.package_identification:Package 'src/my_robot_description' with type 'ros.ament_cmake' and name 'my_robot_description'
[0.600s] Level 1:colcon.colcon_core.package_discovery:discover_packages(recursive) using defaults
[0.600s] Level 1:colcon.colcon_core.package_discovery:discover_packages(ignore) discover
[0.600s] Level 1:colcon.colcon_core.package_discovery:discover_packages(ignore) using defaults
[0.600s] Level 1:colcon.colcon_core.package_discovery:discover_packages(path) discover
[0.601s] Level 1:colcon.colcon_core.package_discovery:discover_packages(path) using defaults
[0.720s] Level 1:colcon.colcon_core.package_discovery:discover_packages(prefix_path) check parameters
[0.720s] Level 1:colcon.colcon_core.package_discovery:discover_packages(prefix_path) discover
[0.752s] DEBUG:colcon.colcon_installed_package_information.package_discovery:Found 3 installed packages in /home/prince/Desktop/ros2_2ndsem/install
[0.753s] DEBUG:colcon.colcon_installed_package_information.package_discovery:Found 2 installed packages in /home/prince/ros2_ws/install
[0.755s] DEBUG:colcon.colcon_installed_package_information.package_discovery:Found 312 installed packages in /opt/ros/jazzy
[0.756s] Level 1:colcon.colcon_core.package_discovery:discover_packages(prefix_path) using defaults
[1.312s] Level 5:colcon.colcon_core.verb:set package 'my_robot_description' build argument 'cmake_args' from command line to 'None'
[1.312s] Level 5:colcon.colcon_core.verb:set package 'my_robot_description' build argument 'cmake_target' from command line to 'None'
[1.312s] Level 5:colcon.colcon_core.verb:set package 'my_robot_description' build argument 'cmake_target_skip_unavailable' from command line to 'False'
[1.312s] Level 5:colcon.colcon_core.verb:set package 'my_robot_description' build argument 'cmake_clean_cache' from command line to 'False'
[1.312s] Level 5:colcon.colcon_core.verb:set package 'my_robot_description' build argument 'cmake_clean_first' from command line to 'False'
[1.313s] Level 5:colcon.colcon_core.verb:set package 'my_robot_description' build argument 'cmake_force_configure' from command line to 'False'
[1.313s] Level 5:colcon.colcon_core.verb:set package 'my_robot_description' build argument 'ament_cmake_args' from command line to 'None'
[1.313s] Level 5:colcon.colcon_core.verb:set package 'my_robot_description' build argument 'catkin_cmake_args' from command line to 'None'
[1.313s] Level 5:colcon.colcon_core.verb:set package 'my_robot_description' build argument 'catkin_skip_building_tests' from command line to 'False'
[1.313s] DEBUG:colcon.colcon_core.verb:Building package 'my_robot_description' with the following arguments: {'ament_cmake_args': None, 'build_base': '/home/prince/Desktop/ros2_2ndsem/build/my_robot_description', 'catkin_cmake_args': None, 'catkin_skip_building_tests': False, 'cmake_args': None, 'cmake_clean_cache': False, 'cmake_clean_first': False, 'cmake_force_configure': False, 'cmake_target': None, 'cmake_target_skip_unavailable': False, 'install_base': '/home/prince/Desktop/ros2_2ndsem/install/my_robot_description', 'merge_install': False, 'path': '/home/prince/Desktop/ros2_2ndsem/src/my_robot_description', 'symlink_install': False, 'test_result_base': None}
[1.313s] Level 5:colcon.colcon_core.verb:set package 'my_robot_bringup' build argument 'cmake_args' from command line to 'None'
[1.313s] Level 5:colcon.colcon_core.verb:set package 'my_robot_bringup' build argument 'cmake_target' from command line to 'None'
[1.313s] Level 5:colcon.colcon_core.verb:set package 'my_robot_bringup' build argument 'cmake_target_skip_unavailable' from command line to 'False'
[1.313s] Level 5:colcon.colcon_core.verb:set package 'my_robot_bringup' build argument 'cmake_clean_cache' from command line to 'False'
[1.313s] Level 5:colcon.colcon_core.verb:set package 'my_robot_bringup' build argument 'cmake_clean_first' from command line to 'False'
[1.313s] Level 5:colcon.colcon_core.verb:set package 'my_robot_bringup' build argument 'cmake_force_configure' from command line to 'False'
[1.313s] Level 5:colcon.colcon_core.verb:set package 'my_robot_bringup' build argument 'ament_cmake_args' from command line to 'None'
[1.313s] Level 5:colcon.colcon_core.verb:set package 'my_robot_bringup' build argument 'catkin_cmake_args' from command line to 'None'
[1.313s] Level 5:colcon.colcon_core.verb:set package 'my_robot_bringup' build argument 'catkin_skip_building_tests' from command line to 'False'
[1.313s] DEBUG:colcon.colcon_core.verb:Building package 'my_robot_bringup' with the following arguments: {'ament_cmake_args': None, 'build_base': '/home/prince/Desktop/ros2_2ndsem/build/my_robot_bringup', 'catkin_cmake_args': None, 'catkin_skip_building_tests': False, 'cmake_args': None, 'cmake_clean_cache': False, 'cmake_clean_first': False, 'cmake_force_configure': False, 'cmake_target': None, 'cmake_target_skip_unavailable': False, 'install_base': '/home/prince/Desktop/ros2_2ndsem/install/my_robot_bringup', 'merge_install': False, 'path': '/home/prince/Desktop/ros2_2ndsem/src/my_robot_bringup', 'symlink_install': False, 'test_result_base': None}
[1.314s] INFO:colcon.colcon_core.executor:Executing jobs using 'parallel' executor
[1.315s] DEBUG:colcon.colcon_parallel_executor.executor.parallel:run_until_complete
[1.315s] INFO:colcon.colcon_ros.task.ament_cmake.build:Building ROS package in '/home/prince/Desktop/ros2_2ndsem/src/my_robot_description' with build type 'ament_cmake'
[1.315s] INFO:colcon.colcon_cmake.task.cmake.build:Building CMake package in '/home/prince/Desktop/ros2_2ndsem/src/my_robot_description'
[1.380s] INFO:colcon.colcon_core.plugin_system:Skipping extension 'colcon_core.shell.bat': Not used on non-Windows systems
[1.380s] INFO:colcon.colcon_core.shell:Skip shell extension 'powershell' for command environment: Not usable outside of PowerShell
[1.380s] DEBUG:colcon.colcon_core.shell:Skip shell extension 'dsv' for command environment
[1.440s] DEBUG:colcon.colcon_core.event_handler.log_command:Invoking command in '/home/prince/Desktop/ros2_2ndsem/build/my_robot_description': CMAKE_PREFIX_PATH=${CMAKE_PREFIX_PATH}:/home/prince/ros2_ws/install/my_py_pkg:/opt/ros/jazzy DEBUGINFOD_URLS=https://debuginfod.ubuntu.com /usr/bin/cmake --build /home/prince/Desktop/ros2_2ndsem/build/my_robot_description -- -j4 -l4
[1.748s] DEBUG:colcon.colcon_core.event_handler.log_command:Invoked command in '/home/prince/Desktop/ros2_2ndsem/build/my_robot_description' returned '0': CMAKE_PREFIX_PATH=${CMAKE_PREFIX_PATH}:/home/prince/ros2_ws/install/my_py_pkg:/opt/ros/jazzy DEBUGINFOD_URLS=https://debuginfod.ubuntu.com /usr/bin/cmake --build /home/prince/Desktop/ros2_2ndsem/build/my_robot_description -- -j4 -l4
[1.782s] DEBUG:colcon.colcon_core.event_handler.log_command:Invoking command in '/home/prince/Desktop/ros2_2ndsem/build/my_robot_description': CMAKE_PREFIX_PATH=${CMAKE_PREFIX_PATH}:/home/prince/ros2_ws/install/my_py_pkg:/opt/ros/jazzy DEBUGINFOD_URLS=https://debuginfod.ubuntu.com /usr/bin/cmake --install /home/prince/Desktop/ros2_2ndsem/build/my_robot_description
[1.834s] Level 1:colcon.colcon_core.environment:create_environment_scripts_only(my_robot_description)
[1.834s] DEBUG:colcon.colcon_core.event_handler.log_command:Invoked command in '/home/prince/Desktop/ros2_2ndsem/build/my_robot_description' returned '0': CMAKE_PREFIX_PATH=${CMAKE_PREFIX_PATH}:/home/prince/ros2_ws/install/my_py_pkg:/opt/ros/jazzy DEBUGINFOD_URLS=https://debuginfod.ubuntu.com /usr/bin/cmake --install /home/prince/Desktop/ros2_2ndsem/build/my_robot_description
[1.860s] Level 1:colcon.colcon_core.environment:checking '/home/prince/Desktop/ros2_2ndsem/install/my_robot_description' for CMake module files
[1.866s] Level 1:colcon.colcon_core.environment:checking '/home/prince/Desktop/ros2_2ndsem/install/my_robot_description' for CMake config files
[1.874s] Level 1:colcon.colcon_core.shell:create_environment_hook('my_robot_description', 'cmake_prefix_path')
[1.874s] INFO:colcon.colcon_core.shell:Creating environment hook '/home/prince/Desktop/ros2_2ndsem/install/my_robot_description/share/my_robot_description/hook/cmake_prefix_path.ps1'
[1.887s] INFO:colcon.colcon_core.shell:Creating environment descriptor '/home/prince/Desktop/ros2_2ndsem/install/my_robot_description/share/my_robot_description/hook/cmake_prefix_path.dsv'
[1.898s] INFO:colcon.colcon_core.shell:Creating environment hook '/home/prince/Desktop/ros2_2ndsem/install/my_robot_description/share/my_robot_description/hook/cmake_prefix_path.sh'
[1.902s] Level 1:colcon.colcon_core.environment:checking '/home/prince/Desktop/ros2_2ndsem/install/my_robot_description/bin'
[1.902s] Level 1:colcon.colcon_core.environment:checking '/home/prince/Desktop/ros2_2ndsem/install/my_robot_description/lib/pkgconfig/my_robot_description.pc'
[1.903s] Level 1:colcon.colcon_core.environment:checking '/home/prince/Desktop/ros2_2ndsem/install/my_robot_description/lib/python3.12/site-packages'
[1.903s] Level 1:colcon.colcon_core.environment:checking '/home/prince/Desktop/ros2_2ndsem/install/my_robot_description/bin'
[1.903s] INFO:colcon.colcon_core.shell:Creating package script '/home/prince/Desktop/ros2_2ndsem/install/my_robot_description/share/my_robot_description/package.ps1'
[1.904s] INFO:colcon.colcon_core.shell:Creating package descriptor '/home/prince/Desktop/ros2_2ndsem/install/my_robot_description/share/my_robot_description/package.dsv'
[1.906s] INFO:colcon.colcon_core.shell:Creating package script '/home/prince/Desktop/ros2_2ndsem/install/my_robot_description/share/my_robot_description/package.sh'
[1.909s] INFO:colcon.colcon_core.shell:Creating package script '/home/prince/Desktop/ros2_2ndsem/install/my_robot_description/share/my_robot_description/package.bash'
[1.911s] INFO:colcon.colcon_core.shell:Creating package script '/home/prince/Desktop/ros2_2ndsem/install/my_robot_description/share/my_robot_description/package.zsh'
[1.916s] Level 1:colcon.colcon_core.environment:create_file_with_runtime_dependencies(/home/prince/Desktop/ros2_2ndsem/install/my_robot_description/share/colcon-core/packages/my_robot_description)
[1.918s] Level 1:colcon.colcon_core.environment:create_environment_scripts_only(my_robot_description)
[1.919s] Level 1:colcon.colcon_core.environment:checking '/home/prince/Desktop/ros2_2ndsem/install/my_robot_description' for CMake module files
[1.922s] Level 1:colcon.colcon_core.environment:checking '/home/prince/Desktop/ros2_2ndsem/install/my_robot_description' for CMake config files
[1.922s] Level 1:colcon.colcon_core.shell:create_environment_hook('my_robot_description', 'cmake_prefix_path')
[1.923s] INFO:colcon.colcon_core.shell:Creating environment hook '/home/prince/Desktop/ros2_2ndsem/install/my_robot_description/share/my_robot_description/hook/cmake_prefix_path.ps1'
[1.923s] INFO:colcon.colcon_core.shell:Creating environment descriptor '/home/prince/Desktop/ros2_2ndsem/install/my_robot_description/share/my_robot_description/hook/cmake_prefix_path.dsv'
[1.924s] INFO:colcon.colcon_core.shell:Creating environment hook '/home/prince/Desktop/ros2_2ndsem/install/my_robot_description/share/my_robot_description/hook/cmake_prefix_path.sh'
[1.925s] Level 1:colcon.colcon_core.environment:checking '/home/prince/Desktop/ros2_2ndsem/install/my_robot_description/bin'
[1.925s] Level 1:colcon.colcon_core.environment:checking '/home/prince/Desktop/ros2_2ndsem/install/my_robot_description/lib/pkgconfig/my_robot_description.pc'
[1.925s] Level 1:colcon.colcon_core.environment:checking '/home/prince/Desktop/ros2_2ndsem/install/my_robot_description/lib/python3.12/site-packages'
[1.925s] Level 1:colcon.colcon_core.environment:checking '/home/prince/Desktop/ros2_2ndsem/install/my_robot_description/bin'
[1.926s] INFO:colcon.colcon_core.shell:Creating package script '/home/prince/Desktop/ros2_2ndsem/install/my_robot_description/share/my_robot_description/package.ps1'
[1.926s] INFO:colcon.colcon_core.shell:Creating package descriptor '/home/prince/Desktop/ros2_2ndsem/install/my_robot_description/share/my_robot_description/package.dsv'
[1.927s] INFO:colcon.colcon_core.shell:Creating package script '/home/prince/Desktop/ros2_2ndsem/install/my_robot_description/share/my_robot_description/package.sh'
[1.927s] INFO:colcon.colcon_core.shell:Creating package script '/home/prince/Desktop/ros2_2ndsem/install/my_robot_description/share/my_robot_description/package.bash'
[1.928s] INFO:colcon.colcon_core.shell:Creating package script '/home/prince/Desktop/ros2_2ndsem/install/my_robot_description/share/my_robot_description/package.zsh'
[1.928s] Level 1:colcon.colcon_core.environment:create_file_with_runtime_dependencies(/home/prince/Desktop/ros2_2ndsem/install/my_robot_description/share/colcon-core/packages/my_robot_description)
[1.930s] INFO:colcon.colcon_ros.task.ament_cmake.build:Building ROS package in '/home/prince/Desktop/ros2_2ndsem/src/my_robot_bringup' with build type 'ament_cmake'
[1.930s] INFO:colcon.colcon_cmake.task.cmake.build:Building CMake package in '/home/prince/Desktop/ros2_2ndsem/src/my_robot_bringup'
[1.931s] INFO:colcon.colcon_core.shell:Skip shell extension 'powershell' for command environment: Not usable outside of PowerShell
[1.931s] DEBUG:colcon.colcon_core.shell:Skip shell extension 'dsv' for command environment
[1.993s] DEBUG:colcon.colcon_core.event_handler.log_command:Invoking command in '/home/prince/Desktop/ros2_2ndsem/build/my_robot_bringup': CMAKE_PREFIX_PATH=/home/prince/Desktop/ros2_2ndsem/install/my_robot_description:/home/prince/Desktop/ros2_2ndsem/install/my_robot_bringup:/home/prince/ros2_ws/install/my_pkg_cpp:/opt/ros/jazzy/opt/gz_sim_vendor:/opt/ros/jazzy/opt/gz_sensors_vendor:/opt/ros/jazzy/opt/gz_physics_vendor:/opt/ros/jazzy/opt/sdformat_vendor:/opt/ros/jazzy/opt/gz_gui_vendor:/opt/ros/jazzy/opt/gz_transport_vendor:/opt/ros/jazzy/opt/gz_rendering_vendor:/opt/ros/jazzy/opt/gz_plugin_vendor:/opt/ros/jazzy/opt/gz_fuel_tools_vendor:/opt/ros/jazzy/opt/gz_msgs_vendor:/opt/ros/jazzy/opt/gz_common_vendor:/opt/ros/jazzy/opt/gz_math_vendor:/opt/ros/jazzy/opt/gz_utils_vendor:/opt/ros/jazzy/opt/gz_tools_vendor:/opt/ros/jazzy/opt/gz_ogre_next_vendor:/opt/ros/jazzy/opt/gz_dartsim_vendor:/opt/ros/jazzy/opt/gz_cmake_vendor:/home/prince/ros2_ws/install/my_py_pkg:/opt/ros/jazzy DEBUGINFOD_URLS=https://debuginfod.ubuntu.com /usr/bin/cmake --build /home/prince/Desktop/ros2_2ndsem/build/my_robot_bringup -- -j4 -l4
[2.064s] DEBUG:colcon.colcon_core.event_handler.log_command:Invoked command in '/home/prince/Desktop/ros2_2ndsem/build/my_robot_bringup' returned '0': CMAKE_PREFIX_PATH=/home/prince/Desktop/ros2_2ndsem/install/my_robot_description:/home/prince/Desktop/ros2_2ndsem/install/my_robot_bringup:/home/prince/ros2_ws/install/my_pkg_cpp:/opt/ros/jazzy/opt/gz_sim_vendor:/opt/ros/jazzy/opt/gz_sensors_vendor:/opt/ros/jazzy/opt/gz_physics_vendor:/opt/ros/jazzy/opt/sdformat_vendor:/opt/ros/jazzy/opt/gz_gui_vendor:/opt/ros/jazzy/opt/gz_transport_vendor:/opt/ros/jazzy/opt/gz_rendering_vendor:/opt/ros/jazzy/opt/gz_plugin_vendor:/opt/ros/jazzy/opt/gz_fuel_tools_vendor:/opt/ros/jazzy/opt/gz_msgs_vendor:/opt/ros/jazzy/opt/gz_common_vendor:/opt/ros/jazzy/opt/gz_math_vendor:/opt/ros/jazzy/opt/gz_utils_vendor:/opt/ros/jazzy/opt/gz_tools_vendor:/opt/ros/jazzy/opt/gz_ogre_next_vendor:/opt/ros/jazzy/opt/gz_dartsim_vendor:/opt/ros/jazzy/opt/gz_cmake_vendor:/home/prince/ros2_ws/install/my_py_pkg:/opt/ros/jazzy DEBUGINFOD_URLS=https://debuginfod.ubuntu.com /usr/bin/cmake --build /home/prince/Desktop/ros2_2ndsem/build/my_robot_bringup -- -j4 -l4
[2.078s] DEBUG:colcon.colcon_core.event_handler.log_command:Invoking command in '/home/prince/Desktop/ros2_2ndsem/build/my_robot_bringup': CMAKE_PREFIX_PATH=/home/prince/Desktop/ros2_2ndsem/install/my_robot_description:/home/prince/Desktop/ros2_2ndsem/install/my_robot_bringup:/home/prince/ros2_ws/install/my_pkg_cpp:/opt/ros/jazzy/opt/gz_sim_vendor:/opt/ros/jazzy/opt/gz_sensors_vendor:/opt/ros/jazzy/opt/gz_physics_vendor:/opt/ros/jazzy/opt/sdformat_vendor:/opt/ros/jazzy/opt/gz_gui_vendor:/opt/ros/jazzy/opt/gz_transport_vendor:/opt/ros/jazzy/opt/gz_rendering_vendor:/opt/ros/jazzy/opt/gz_plugin_vendor:/opt/ros/jazzy/opt/gz_fuel_tools_vendor:/opt/ros/jazzy/opt/gz_msgs_vendor:/opt/ros/jazzy/opt/gz_common_vendor:/opt/ros/jazzy/opt/gz_math_vendor:/opt/ros/jazzy/opt/gz_utils_vendor:/opt/ros/jazzy/opt/gz_tools_vendor:/opt/ros/jazzy/opt/gz_ogre_next_vendor:/opt/ros/jazzy/opt/gz_dartsim_vendor:/opt/ros/jazzy/opt/gz_cmake_vendor:/home/prince/ros2_ws/install/my_py_pkg:/opt/ros/jazzy DEBUGINFOD_URLS=https://debuginfod.ubuntu.com /usr/bin/cmake --install /home/prince/Desktop/ros2_2ndsem/build/my_robot_bringup
[2.111s] Level 1:colcon.colcon_core.environment:create_environment_scripts_only(my_robot_bringup)
[2.112s] Level 1:colcon.colcon_core.environment:checking '/home/prince/Desktop/ros2_2ndsem/install/my_robot_bringup' for CMake module files
[2.112s] DEBUG:colcon.colcon_core.event_handler.log_command:Invoked command in '/home/prince/Desktop/ros2_2ndsem/build/my_robot_bringup' returned '0': CMAKE_PREFIX_PATH=/home/prince/Desktop/ros2_2ndsem/install/my_robot_description:/home/prince/Desktop/ros2_2ndsem/install/my_robot_bringup:/home/prince/ros2_ws/install/my_pkg_cpp:/opt/ros/jazzy/opt/gz_sim_vendor:/opt/ros/jazzy/opt/gz_sensors_vendor:/opt/ros/jazzy/opt/gz_physics_vendor:/opt/ros/jazzy/opt/sdformat_vendor:/opt/ros/jazzy/opt/gz_gui_vendor:/opt/ros/jazzy/opt/gz_transport_vendor:/opt/ros/jazzy/opt/gz_rendering_vendor:/opt/ros/jazzy/opt/gz_plugin_vendor:/opt/ros/jazzy/opt/gz_fuel_tools_vendor:/opt/ros/jazzy/opt/gz_msgs_vendor:/opt/ros/jazzy/opt/gz_common_vendor:/opt/ros/jazzy/opt/gz_math_vendor:/opt/ros/jazzy/opt/gz_utils_vendor:/opt/ros/jazzy/opt/gz_tools_vendor:/opt/ros/jazzy/opt/gz_ogre_next_vendor:/opt/ros/jazzy/opt/gz_dartsim_vendor:/opt/ros/jazzy/opt/gz_cmake_vendor:/home/prince/ros2_ws/install/my_py_pkg:/opt/ros/jazzy DEBUGINFOD_URLS=https://debuginfod.ubuntu.com /usr/bin/cmake --install /home/prince/Desktop/ros2_2ndsem/build/my_robot_bringup
[2.113s] Level 1:colcon.colcon_core.environment:checking '/home/prince/Desktop/ros2_2ndsem/install/my_robot_bringup' for CMake config files
[2.118s] Level 1:colcon.colcon_core.shell:create_environment_hook('my_robot_bringup', 'cmake_prefix_path')
[2.118s] INFO:colcon.colcon_core.shell:Creating environment hook '/home/prince/Desktop/ros2_2ndsem/install/my_robot_bringup/share/my_robot_bringup/hook/cmake_prefix_path.ps1'
[2.119s] INFO:colcon.colcon_core.shell:Creating environment descriptor '/home/prince/Desktop/ros2_2ndsem/install/my_robot_bringup/share/my_robot_bringup/hook/cmake_prefix_path.dsv'
[2.120s] INFO:colcon.colcon_core.shell:Creating environment hook '/home/prince/Desktop/ros2_2ndsem/install/my_robot_bringup/share/my_robot_bringup/hook/cmake_prefix_path.sh'
[2.121s] Level 1:colcon.colcon_core.environment:checking '/home/prince/Desktop/ros2_2ndsem/install/my_robot_bringup/bin'
[2.121s] Level 1:colcon.colcon_core.environment:checking '/home/prince/Desktop/ros2_2ndsem/install/my_robot_bringup/lib/pkgconfig/my_robot_bringup.pc'
[2.121s] Level 1:colcon.colcon_core.environment:checking '/home/prince/Desktop/ros2_2ndsem/install/my_robot_bringup/lib/python3.12/site-packages'
[2.121s] Level 1:colcon.colcon_core.environment:checking '/home/prince/Desktop/ros2_2ndsem/install/my_robot_bringup/bin'
[2.122s] INFO:colcon.colcon_core.shell:Creating package script '/home/prince/Desktop/ros2_2ndsem/install/my_robot_bringup/share/my_robot_bringup/package.ps1'
[2.122s] INFO:colcon.colcon_core.shell:Creating package descriptor '/home/prince/Desktop/ros2_2ndsem/install/my_robot_bringup/share/my_robot_bringup/package.dsv'
[2.123s] INFO:colcon.colcon_core.shell:Creating package script '/home/prince/Desktop/ros2_2ndsem/install/my_robot_bringup/share/my_robot_bringup/package.sh'
[2.123s] INFO:colcon.colcon_core.shell:Creating package script '/home/prince/Desktop/ros2_2ndsem/install/my_robot_bringup/share/my_robot_bringup/package.bash'
[2.124s] INFO:colcon.colcon_core.shell:Creating package script '/home/prince/Desktop/ros2_2ndsem/install/my_robot_bringup/share/my_robot_bringup/package.zsh'
[2.124s] Level 1:colcon.colcon_core.environment:create_file_with_runtime_dependencies(/home/prince/Desktop/ros2_2ndsem/install/my_robot_bringup/share/colcon-core/packages/my_robot_bringup)
[2.125s] Level 1:colcon.colcon_core.environment:create_environment_scripts_only(my_robot_bringup)
[2.125s] Level 1:colcon.colcon_core.environment:checking '/home/prince/Desktop/ros2_2ndsem/install/my_robot_bringup' for CMake module files
[2.126s] Level 1:colcon.colcon_core.environment:checking '/home/prince/Desktop/ros2_2ndsem/install/my_robot_bringup' for CMake config files
[2.126s] Level 1:colcon.colcon_core.shell:create_environment_hook('my_robot_bringup', 'cmake_prefix_path')
[2.127s] INFO:colcon.colcon_core.shell:Creating environment hook '/home/prince/Desktop/ros2_2ndsem/install/my_robot_bringup/share/my_robot_bringup/hook/cmake_prefix_path.ps1'
[2.127s] INFO:colcon.colcon_core.shell:Creating environment descriptor '/home/prince/Desktop/ros2_2ndsem/install/my_robot_bringup/share/my_robot_bringup/hook/cmake_prefix_path.dsv'
[2.128s] INFO:colcon.colcon_core.shell:Creating environment hook '/home/prince/Desktop/ros2_2ndsem/install/my_robot_bringup/share/my_robot_bringup/hook/cmake_prefix_path.sh'
[2.128s] Level 1:colcon.colcon_core.environment:checking '/home/prince/Desktop/ros2_2ndsem/install/my_robot_bringup/bin'
[2.129s] Level 1:colcon.colcon_core.environment:checking '/home/prince/Desktop/ros2_2ndsem/install/my_robot_bringup/lib/pkgconfig/my_robot_bringup.pc'
[2.129s] Level 1:colcon.colcon_core.environment:checking '/home/prince/Desktop/ros2_2ndsem/install/my_robot_bringup/lib/python3.12/site-packages'
[2.129s] Level 1:colcon.colcon_core.environment:checking '/home/prince/Desktop/ros2_2ndsem/install/my_robot_bringup/bin'
[2.129s] INFO:colcon.colcon_core.shell:Creating package script '/home/prince/Desktop/ros2_2ndsem/install/my_robot_bringup/share/my_robot_bringup/package.ps1'
[2.130s] INFO:colcon.colcon_core.shell:Creating package descriptor '/home/prince/Desktop/ros2_2ndsem/install/my_robot_bringup/share/my_robot_bringup/package.dsv'
[2.131s] INFO:colcon.colcon_core.shell:Creating package script '/home/prince/Desktop/ros2_2ndsem/install/my_robot_bringup/share/my_robot_bringup/package.sh'
[2.131s] INFO:colcon.colcon_core.shell:Creating package script '/home/prince/Desktop/ros2_2ndsem/install/my_robot_bringup/share/my_robot_bringup/package.bash'
[2.132s] INFO:colcon.colcon_core.shell:Creating package script '/home/prince/Desktop/ros2_2ndsem/install/my_robot_bringup/share/my_robot_bringup/package.zsh'
[2.132s] Level 1:colcon.colcon_core.environment:create_file_with_runtime_dependencies(/home/prince/Desktop/ros2_2ndsem/install/my_robot_bringup/share/colcon-core/packages/my_robot_bringup)
[2.133s] DEBUG:colcon.colcon_parallel_executor.executor.parallel:closing loop
[2.133s] DEBUG:colcon.colcon_parallel_executor.executor.parallel:loop closed
[2.133s] DEBUG:colcon.colcon_parallel_executor.executor.parallel:run_until_complete finished with '0'
[2.133s] DEBUG:colcon.colcon_core.event_reactor:joining thread
[2.153s] INFO:colcon.colcon_core.plugin_system:Skipping extension 'colcon_notification.desktop_notification.terminal_notifier': Not used on non-Darwin systems
[2.153s] INFO:colcon.colcon_core.plugin_system:Skipping extension 'colcon_notification.desktop_notification.win32': Not used on non-Windows systems
[2.153s] INFO:colcon.colcon_notification.desktop_notification:Sending desktop notification using 'notify2'
[2.177s] DEBUG:colcon.colcon_core.event_reactor:joined thread
[2.177s] INFO:colcon.colcon_core.shell:Creating prefix script '/home/prince/Desktop/ros2_2ndsem/install/local_setup.ps1'
[2.179s] INFO:colcon.colcon_core.shell:Creating prefix util module '/home/prince/Desktop/ros2_2ndsem/install/_local_setup_util_ps1.py'
[2.181s] INFO:colcon.colcon_core.shell:Creating prefix chain script '/home/prince/Desktop/ros2_2ndsem/install/setup.ps1'
[2.183s] INFO:colcon.colcon_core.shell:Creating prefix script '/home/prince/Desktop/ros2_2ndsem/install/local_setup.sh'
[2.184s] INFO:colcon.colcon_core.shell:Creating prefix util module '/home/prince/Desktop/ros2_2ndsem/install/_local_setup_util_sh.py'
[2.184s] INFO:colcon.colcon_core.shell:Creating prefix chain script '/home/prince/Desktop/ros2_2ndsem/install/setup.sh'
[2.186s] INFO:colcon.colcon_core.shell:Creating prefix script '/home/prince/Desktop/ros2_2ndsem/install/local_setup.bash'
[2.201s] INFO:colcon.colcon_core.shell:Creating prefix chain script '/home/prince/Desktop/ros2_2ndsem/install/setup.bash'
[2.203s] INFO:colcon.colcon_core.shell:Creating prefix script '/home/prince/Desktop/ros2_2ndsem/install/local_setup.zsh'
[2.204s] INFO:colcon.colcon_core.shell:Creating prefix chain script '/home/prince/Desktop/ros2_2ndsem/install/setup.zsh'
