[0.036s] Invoking command in '/home/prince/Desktop/ros2_2ndsem/build/gz_dartsim_vendor': CMAKE_PREFIX_PATH=${CMAKE_PREFIX_PATH}:/home/prince/ros2_ws/install/my_py_pkg:/opt/ros/jazzy DEBUGINFOD_URLS=https://debuginfod.ubuntu.com /usr/bin/cmake /home/prince/Desktop/ros2_2ndsem/gz_dartsim_vendor -DCMAKE_INSTALL_PREFIX=/home/prince/Desktop/ros2_2ndsem/install/gz_dartsim_vendor
[0.113s] -- Found ament_cmake: 2.5.3 (/opt/ros/jazzy/share/ament_cmake/cmake)
[0.799s] -- Configuring incomplete, errors occurred!
[0.799s] [31mCMake Error at CMakeLists.txt:13 (find_package):
[0.799s]   By not providing "Findament_cmake_vendor_package.cmake" in
[0.800s]   CMAKE_MODULE_PATH this project has asked CMake to find a package
[0.800s]   configuration file provided by "ament_cmake_vendor_package", but CMake did
[0.800s]   not find one.
[0.800s] 
[0.800s]   Could not find a package configuration file provided by
[0.800s]   "ament_cmake_vendor_package" with any of the following names:
[0.800s] 
[0.800s]     ament_cmake_vendor_packageConfig.cmake
[0.801s]     ament_cmake_vendor_package-config.cmake
[0.801s] 
[0.801s]   Add the installation prefix of "ament_cmake_vendor_package" to
[0.801s]   CMAKE_PREFIX_PATH or set "ament_cmake_vendor_package_DIR" to a directory
[0.801s]   containing one of the above files.  If "ament_cmake_vendor_package"
[0.801s]   provides a separate development package or SDK, be sure it has been
[0.801s]   installed.
[0.801s] 
[0.801s] [0m
[0.804s] Invoked command in '/home/prince/Desktop/ros2_2ndsem/build/gz_dartsim_vendor' returned '1': CMAKE_PREFIX_PATH=${CMAKE_PREFIX_PATH}:/home/prince/ros2_ws/install/my_py_pkg:/opt/ros/jazzy DEBUGINFOD_URLS=https://debuginfod.ubuntu.com /usr/bin/cmake /home/prince/Desktop/ros2_2ndsem/gz_dartsim_vendor -DCMAKE_INSTALL_PREFIX=/home/prince/Desktop/ros2_2ndsem/install/gz_dartsim_vendor
