[0.148s] Invoking command in '/home/prince/Desktop/ros2_2ndsem/build/my_robot_description': CMAKE_PREFIX_PATH=${CMAKE_PREFIX_PATH}:/home/prince/ros2_ws/install/my_py_pkg:/opt/ros/jazzy DEBUGINFOD_URLS=https://debuginfod.ubuntu.com /usr/bin/cmake --build /home/prince/Desktop/ros2_2ndsem/build/my_robot_description -- -j4 -l4
[1.380s] Invoked command in '/home/prince/Desktop/ros2_2ndsem/build/my_robot_description' returned '0': CMAKE_PREFIX_PATH=${CMAKE_PREFIX_PATH}:/home/prince/ros2_ws/install/my_py_pkg:/opt/ros/jazzy DEBUGINFOD_URLS=https://debuginfod.ubuntu.com /usr/bin/cmake --build /home/prince/Desktop/ros2_2ndsem/build/my_robot_description -- -j4 -l4
[1.438s] Invoking command in '/home/prince/Desktop/ros2_2ndsem/build/my_robot_description': CMAKE_PREFIX_PATH=${CMAKE_PREFIX_PATH}:/home/prince/ros2_ws/install/my_py_pkg:/opt/ros/jazzy DEBUGINFOD_URLS=https://debuginfod.ubuntu.com /usr/bin/cmake --install /home/prince/Desktop/ros2_2ndsem/build/my_robot_description
[1.488s] -- Install configuration: ""
[1.490s] -- Execute custom install script
[1.577s] -- Up-to-date symlink: /home/prince/Desktop/ros2_2ndsem/install/my_robot_description/share/my_robot_description//urdf/common_properties.xacro
[1.593s] -- Up-to-date symlink: /home/prince/Desktop/ros2_2ndsem/install/my_robot_description/share/my_robot_description//urdf/mobile_base.xacro
[1.618s] -- Up-to-date symlink: /home/prince/Desktop/ros2_2ndsem/install/my_robot_description/share/my_robot_description//urdf/mobile_base_gazebo.xacro
[1.649s] -- Up-to-date symlink: /home/prince/Desktop/ros2_2ndsem/install/my_robot_description/share/my_robot_description//urdf/my_robot.urdf.xacro
[1.712s] -- Up-to-date symlink: /home/prince/Desktop/ros2_2ndsem/install/my_robot_description/share/my_robot_description//rviz/urdf_config.rviz
[1.713s] -- Up-to-date symlink: /home/prince/Desktop/ros2_2ndsem/install/my_robot_description/share/my_robot_description//launch/display.launch.py
[1.713s] -- Up-to-date symlink: /home/prince/Desktop/ros2_2ndsem/install/my_robot_description/share/my_robot_description//launch/display.launch.xml
[1.714s] -- Up-to-date symlink: /home/prince/Desktop/ros2_2ndsem/install/my_robot_description/share/ament_index/resource_index/package_run_dependencies/my_robot_description
[1.715s] -- Up-to-date symlink: /home/prince/Desktop/ros2_2ndsem/install/my_robot_description/share/ament_index/resource_index/parent_prefix_path/my_robot_description
[1.716s] -- Up-to-date symlink: /home/prince/Desktop/ros2_2ndsem/install/my_robot_description/share/my_robot_description/environment/ament_prefix_path.sh
[1.717s] -- Up-to-date symlink: /home/prince/Desktop/ros2_2ndsem/install/my_robot_description/share/my_robot_description/environment/ament_prefix_path.dsv
[1.718s] -- Up-to-date symlink: /home/prince/Desktop/ros2_2ndsem/install/my_robot_description/share/my_robot_description/environment/path.sh
[1.719s] -- Up-to-date symlink: /home/prince/Desktop/ros2_2ndsem/install/my_robot_description/share/my_robot_description/environment/path.dsv
[1.719s] -- Up-to-date symlink: /home/prince/Desktop/ros2_2ndsem/install/my_robot_description/share/my_robot_description/local_setup.bash
[1.720s] -- Up-to-date symlink: /home/prince/Desktop/ros2_2ndsem/install/my_robot_description/share/my_robot_description/local_setup.sh
[1.721s] -- Up-to-date symlink: /home/prince/Desktop/ros2_2ndsem/install/my_robot_description/share/my_robot_description/local_setup.zsh
[1.722s] -- Up-to-date symlink: /home/prince/Desktop/ros2_2ndsem/install/my_robot_description/share/my_robot_description/local_setup.dsv
[1.722s] -- Symlinking: /home/prince/Desktop/ros2_2ndsem/install/my_robot_description/share/my_robot_description/package.dsv
[1.736s] -- Up-to-date symlink: /home/prince/Desktop/ros2_2ndsem/install/my_robot_description/share/ament_index/resource_index/packages/my_robot_description
[1.737s] -- Up-to-date symlink: /home/prince/Desktop/ros2_2ndsem/install/my_robot_description/share/my_robot_description/cmake/my_robot_descriptionConfig.cmake
[1.737s] -- Up-to-date symlink: /home/prince/Desktop/ros2_2ndsem/install/my_robot_description/share/my_robot_description/cmake/my_robot_descriptionConfig-version.cmake
[1.737s] -- Up-to-date symlink: /home/prince/Desktop/ros2_2ndsem/install/my_robot_description/share/my_robot_description/package.xml
[1.740s] Invoked command in '/home/prince/Desktop/ros2_2ndsem/build/my_robot_description' returned '0': CMAKE_PREFIX_PATH=${CMAKE_PREFIX_PATH}:/home/prince/ros2_ws/install/my_py_pkg:/opt/ros/jazzy DEBUGINFOD_URLS=https://debuginfod.ubuntu.com /usr/bin/cmake --install /home/prince/Desktop/ros2_2ndsem/build/my_robot_description
