[0.017s] Invoking command in '/home/prince/Desktop/ros2_2ndsem/build/my_robot_description': CMAKE_PREFIX_PATH=${CMAKE_PREFIX_PATH}:/home/prince/ros2_ws/install/my_py_pkg:/opt/ros/jazzy DEBUGINFOD_URLS=https://debuginfod.ubuntu.com /usr/bin/cmake /home/prince/Desktop/ros2_2ndsem/src/my_robot_description -DCMAKE_INSTALL_PREFIX=/home/prince/Desktop/ros2_2ndsem/install/my_robot_description
[0.037s] -- Found ament_cmake: 2.5.3 (/opt/ros/jazzy/share/ament_cmake/cmake)
[0.363s] -- Override CMake install command with custom implementation using symlinks instead of copying resources
[0.523s] -- Configuring done (0.5s)
[0.530s] -- Generating done (0.0s)
[0.535s] -- Build files have been written to: /home/prince/Desktop/ros2_2ndsem/build/my_robot_description
[0.540s] Invoked command in '/home/prince/Desktop/ros2_2ndsem/build/my_robot_description' returned '0': CMAKE_PREFIX_PATH=${CMAKE_PREFIX_PATH}:/home/prince/ros2_ws/install/my_py_pkg:/opt/ros/jazzy DEBUGINFOD_URLS=https://debuginfod.ubuntu.com /usr/bin/cmake /home/prince/Desktop/ros2_2ndsem/src/my_robot_description -DCMAKE_INSTALL_PREFIX=/home/prince/Desktop/ros2_2ndsem/install/my_robot_description
[0.542s] Invoking command in '/home/prince/Desktop/ros2_2ndsem/build/my_robot_description': CMAKE_PREFIX_PATH=${CMAKE_PREFIX_PATH}:/home/prince/ros2_ws/install/my_py_pkg:/opt/ros/jazzy DEBUGINFOD_URLS=https://debuginfod.ubuntu.com /usr/bin/cmake --build /home/prince/Desktop/ros2_2ndsem/build/my_robot_description -- -j4 -l4
[0.602s] Invoked command in '/home/prince/Desktop/ros2_2ndsem/build/my_robot_description' returned '0': CMAKE_PREFIX_PATH=${CMAKE_PREFIX_PATH}:/home/prince/ros2_ws/install/my_py_pkg:/opt/ros/jazzy DEBUGINFOD_URLS=https://debuginfod.ubuntu.com /usr/bin/cmake --build /home/prince/Desktop/ros2_2ndsem/build/my_robot_description -- -j4 -l4
[0.618s] Invoking command in '/home/prince/Desktop/ros2_2ndsem/build/my_robot_description': CMAKE_PREFIX_PATH=${CMAKE_PREFIX_PATH}:/home/prince/ros2_ws/install/my_py_pkg:/opt/ros/jazzy DEBUGINFOD_URLS=https://debuginfod.ubuntu.com /usr/bin/cmake --install /home/prince/Desktop/ros2_2ndsem/build/my_robot_description
[0.630s] -- Install configuration: ""
[0.631s] -- Execute custom install script
[0.631s] -- Up-to-date symlink: /home/prince/Desktop/ros2_2ndsem/install/my_robot_description/share/my_robot_description//urdf/common_properties.xacro
[0.632s] -- Up-to-date symlink: /home/prince/Desktop/ros2_2ndsem/install/my_robot_description/share/my_robot_description//urdf/mobile_base.xacro
[0.632s] -- Up-to-date symlink: /home/prince/Desktop/ros2_2ndsem/install/my_robot_description/share/my_robot_description//urdf/mobile_base_gazebo.xacro
[0.632s] -- Up-to-date symlink: /home/prince/Desktop/ros2_2ndsem/install/my_robot_description/share/my_robot_description//urdf/my_robot.urdf.xacro
[0.632s] -- Up-to-date symlink: /home/prince/Desktop/ros2_2ndsem/install/my_robot_description/share/my_robot_description//rviz/urdf_config.rviz
[0.633s] -- Up-to-date symlink: /home/prince/Desktop/ros2_2ndsem/install/my_robot_description/share/my_robot_description//launch/display.launch.py
[0.633s] -- Up-to-date symlink: /home/prince/Desktop/ros2_2ndsem/install/my_robot_description/share/my_robot_description//launch/display.launch.xml
[0.633s] -- Up-to-date symlink: /home/prince/Desktop/ros2_2ndsem/install/my_robot_description/share/ament_index/resource_index/package_run_dependencies/my_robot_description
[0.634s] -- Up-to-date symlink: /home/prince/Desktop/ros2_2ndsem/install/my_robot_description/share/ament_index/resource_index/parent_prefix_path/my_robot_description
[0.634s] -- Up-to-date symlink: /home/prince/Desktop/ros2_2ndsem/install/my_robot_description/share/my_robot_description/environment/ament_prefix_path.sh
[0.634s] -- Up-to-date symlink: /home/prince/Desktop/ros2_2ndsem/install/my_robot_description/share/my_robot_description/environment/ament_prefix_path.dsv
[0.634s] -- Up-to-date symlink: /home/prince/Desktop/ros2_2ndsem/install/my_robot_description/share/my_robot_description/environment/path.sh
[0.635s] -- Up-to-date symlink: /home/prince/Desktop/ros2_2ndsem/install/my_robot_description/share/my_robot_description/environment/path.dsv
[0.635s] -- Up-to-date symlink: /home/prince/Desktop/ros2_2ndsem/install/my_robot_description/share/my_robot_description/local_setup.bash
[0.635s] -- Up-to-date symlink: /home/prince/Desktop/ros2_2ndsem/install/my_robot_description/share/my_robot_description/local_setup.sh
[0.636s] -- Up-to-date symlink: /home/prince/Desktop/ros2_2ndsem/install/my_robot_description/share/my_robot_description/local_setup.zsh
[0.636s] -- Up-to-date symlink: /home/prince/Desktop/ros2_2ndsem/install/my_robot_description/share/my_robot_description/local_setup.dsv
[0.636s] -- Symlinking: /home/prince/Desktop/ros2_2ndsem/install/my_robot_description/share/my_robot_description/package.dsv
[0.650s] -- Up-to-date symlink: /home/prince/Desktop/ros2_2ndsem/install/my_robot_description/share/ament_index/resource_index/packages/my_robot_description
[0.651s] -- Up-to-date symlink: /home/prince/Desktop/ros2_2ndsem/install/my_robot_description/share/my_robot_description/cmake/my_robot_descriptionConfig.cmake
[0.651s] -- Up-to-date symlink: /home/prince/Desktop/ros2_2ndsem/install/my_robot_description/share/my_robot_description/cmake/my_robot_descriptionConfig-version.cmake
[0.651s] -- Up-to-date symlink: /home/prince/Desktop/ros2_2ndsem/install/my_robot_description/share/my_robot_description/package.xml
[0.654s] Invoked command in '/home/prince/Desktop/ros2_2ndsem/build/my_robot_description' returned '0': CMAKE_PREFIX_PATH=${CMAKE_PREFIX_PATH}:/home/prince/ros2_ws/install/my_py_pkg:/opt/ros/jazzy DEBUGINFOD_URLS=https://debuginfod.ubuntu.com /usr/bin/cmake --install /home/prince/Desktop/ros2_2ndsem/build/my_robot_description
