[3.295s] DEBUG:colcon:Command line arguments: ['/usr/bin/colcon', 'build', '--symlink-install']
[3.295s] DEBUG:colcon:Parsed command line arguments: Namespace(log_base=None, log_level=None, verb_name='build', build_base='build', install_base='install', merge_install=False, symlink_install=True, test_result_base=None, continue_on_error=False, executor='parallel', parallel_workers=4, event_handlers=None, ignore_user_meta=False, metas=['./colcon.meta'], base_paths=['.'], packages_ignore=None, packages_ignore_regex=None, paths=None, packages_up_to=None, packages_up_to_regex=None, packages_above=None, packages_above_and_dependencies=None, packages_above_depth=None, packages_select_by_dep=None, packages_skip_by_dep=None, packages_skip_up_to=None, packages_select_build_failed=False, packages_skip_build_finished=False, packages_select_test_failures=False, packages_skip_test_passed=False, packages_select=None, packages_skip=None, packages_select_regex=None, packages_skip_regex=None, packages_start=None, packages_end=None, allow_overriding=[], cmake_args=None, cmake_target=None, cmake_target_skip_unavailable=False, cmake_clean_cache=False, cmake_clean_first=False, cmake_force_configure=False, ament_cmake_args=None, catkin_cmake_args=None, catkin_skip_building_tests=False, mixin_files=None, mixin=None, verb_parser=<colcon_mixin.mixin.mixin_argument.MixinArgumentDecorator object at 0x70c67bf7baa0>, verb_extension=<colcon_core.verb.build.BuildVerb object at 0x70c67bf7b740>, main=<bound method BuildVerb.main of <colcon_core.verb.build.BuildVerb object at 0x70c67bf7b740>>, mixin_verb=('build',))
[3.719s] Level 1:colcon.colcon_core.package_discovery:discover_packages(colcon_meta) check parameters
[3.720s] Level 1:colcon.colcon_core.package_discovery:discover_packages(recursive) check parameters
[3.720s] Level 1:colcon.colcon_core.package_discovery:discover_packages(ignore) check parameters
[3.720s] Level 1:colcon.colcon_core.package_discovery:discover_packages(path) check parameters
[3.720s] Level 1:colcon.colcon_core.package_discovery:discover_packages(colcon_meta) discover
[3.720s] Level 1:colcon.colcon_core.package_discovery:discover_packages(recursive) discover
[3.720s] INFO:colcon.colcon_core.package_discovery:Crawling recursively for packages in '/home/prince/Desktop/ros2_2ndsem'
[3.721s] Level 1:colcon.colcon_core.package_identification:_identify(.) by extensions ['ignore', 'ignore_ament_install']
[3.721s] Level 1:colcon.colcon_core.package_identification:_identify(.) by extension 'ignore'
[3.721s] Level 1:colcon.colcon_core.package_identification:_identify(.) by extension 'ignore_ament_install'
[3.722s] Level 1:colcon.colcon_core.package_identification:_identify(.) by extensions ['colcon_pkg']
[3.722s] Level 1:colcon.colcon_core.package_identification:_identify(.) by extension 'colcon_pkg'
[3.722s] Level 1:colcon.colcon_core.package_identification:_identify(.) by extensions ['colcon_meta']
[3.722s] Level 1:colcon.colcon_core.package_identification:_identify(.) by extension 'colcon_meta'
[3.723s] Level 1:colcon.colcon_core.package_identification:_identify(.) by extensions ['ros']
[3.723s] Level 1:colcon.colcon_core.package_identification:_identify(.) by extension 'ros'
[3.918s] Level 1:colcon.colcon_core.package_identification:_identify(.) by extensions ['cmake', 'python']
[3.918s] Level 1:colcon.colcon_core.package_identification:_identify(.) by extension 'cmake'
[3.918s] Level 1:colcon.colcon_core.package_identification:_identify(.) by extension 'python'
[3.919s] Level 1:colcon.colcon_core.package_identification:_identify(.) by extensions ['python_setup_py']
[3.919s] Level 1:colcon.colcon_core.package_identification:_identify(.) by extension 'python_setup_py'
[3.919s] Level 1:colcon.colcon_core.package_identification:_identify(build) by extensions ['ignore', 'ignore_ament_install']
[3.919s] Level 1:colcon.colcon_core.package_identification:_identify(build) by extension 'ignore'
[3.919s] Level 1:colcon.colcon_core.package_identification:_identify(build) ignored
[3.933s] Level 1:colcon.colcon_core.package_identification:_identify(install) by extensions ['ignore', 'ignore_ament_install']
[3.933s] Level 1:colcon.colcon_core.package_identification:_identify(install) by extension 'ignore'
[3.933s] Level 1:colcon.colcon_core.package_identification:_identify(install) ignored
[3.933s] Level 1:colcon.colcon_core.package_identification:_identify(log) by extensions ['ignore', 'ignore_ament_install']
[3.934s] Level 1:colcon.colcon_core.package_identification:_identify(log) by extension 'ignore'
[3.934s] Level 1:colcon.colcon_core.package_identification:_identify(log) ignored
[3.934s] Level 1:colcon.colcon_core.package_identification:_identify(src) by extensions ['ignore', 'ignore_ament_install']
[3.934s] Level 1:colcon.colcon_core.package_identification:_identify(src) by extension 'ignore'
[3.935s] Level 1:colcon.colcon_core.package_identification:_identify(src) by extension 'ignore_ament_install'
[3.935s] Level 1:colcon.colcon_core.package_identification:_identify(src) by extensions ['colcon_pkg']
[3.935s] Level 1:colcon.colcon_core.package_identification:_identify(src) by extension 'colcon_pkg'
[3.935s] Level 1:colcon.colcon_core.package_identification:_identify(src) by extensions ['colcon_meta']
[3.935s] Level 1:colcon.colcon_core.package_identification:_identify(src) by extension 'colcon_meta'
[3.935s] Level 1:colcon.colcon_core.package_identification:_identify(src) by extensions ['ros']
[3.935s] Level 1:colcon.colcon_core.package_identification:_identify(src) by extension 'ros'
[3.936s] Level 1:colcon.colcon_core.package_identification:_identify(src) by extensions ['cmake', 'python']
[3.936s] Level 1:colcon.colcon_core.package_identification:_identify(src) by extension 'cmake'
[3.936s] Level 1:colcon.colcon_core.package_identification:_identify(src) by extension 'python'
[3.936s] Level 1:colcon.colcon_core.package_identification:_identify(src) by extensions ['python_setup_py']
[3.936s] Level 1:colcon.colcon_core.package_identification:_identify(src) by extension 'python_setup_py'
[3.936s] Level 1:colcon.colcon_core.package_identification:_identify(src/my_robot_bringup) by extensions ['ignore', 'ignore_ament_install']
[3.937s] Level 1:colcon.colcon_core.package_identification:_identify(src/my_robot_bringup) by extension 'ignore'
[3.937s] Level 1:colcon.colcon_core.package_identification:_identify(src/my_robot_bringup) by extension 'ignore_ament_install'
[3.937s] Level 1:colcon.colcon_core.package_identification:_identify(src/my_robot_bringup) by extensions ['colcon_pkg']
[3.937s] Level 1:colcon.colcon_core.package_identification:_identify(src/my_robot_bringup) by extension 'colcon_pkg'
[3.937s] Level 1:colcon.colcon_core.package_identification:_identify(src/my_robot_bringup) by extensions ['colcon_meta']
[3.937s] Level 1:colcon.colcon_core.package_identification:_identify(src/my_robot_bringup) by extension 'colcon_meta'
[3.937s] Level 1:colcon.colcon_core.package_identification:_identify(src/my_robot_bringup) by extensions ['ros']
[3.938s] Level 1:colcon.colcon_core.package_identification:_identify(src/my_robot_bringup) by extension 'ros'
[3.963s] DEBUG:colcon.colcon_core.package_identification:Package 'src/my_robot_bringup' with type 'ros.ament_cmake' and name 'my_robot_bringup'
[3.964s] Level 1:colcon.colcon_core.package_identification:_identify(src/my_robot_description) by extensions ['ignore', 'ignore_ament_install']
[3.964s] Level 1:colcon.colcon_core.package_identification:_identify(src/my_robot_description) by extension 'ignore'
[3.964s] Level 1:colcon.colcon_core.package_identification:_identify(src/my_robot_description) by extension 'ignore_ament_install'
[3.964s] Level 1:colcon.colcon_core.package_identification:_identify(src/my_robot_description) by extensions ['colcon_pkg']
[3.965s] Level 1:colcon.colcon_core.package_identification:_identify(src/my_robot_description) by extension 'colcon_pkg'
[3.965s] Level 1:colcon.colcon_core.package_identification:_identify(src/my_robot_description) by extensions ['colcon_meta']
[3.965s] Level 1:colcon.colcon_core.package_identification:_identify(src/my_robot_description) by extension 'colcon_meta'
[3.965s] Level 1:colcon.colcon_core.package_identification:_identify(src/my_robot_description) by extensions ['ros']
[3.965s] Level 1:colcon.colcon_core.package_identification:_identify(src/my_robot_description) by extension 'ros'
[3.980s] DEBUG:colcon.colcon_core.package_identification:Package 'src/my_robot_description' with type 'ros.ament_cmake' and name 'my_robot_description'
[3.980s] Level 1:colcon.colcon_core.package_discovery:discover_packages(recursive) using defaults
[3.980s] Level 1:colcon.colcon_core.package_discovery:discover_packages(ignore) discover
[3.981s] Level 1:colcon.colcon_core.package_discovery:discover_packages(ignore) using defaults
[3.981s] Level 1:colcon.colcon_core.package_discovery:discover_packages(path) discover
[3.981s] Level 1:colcon.colcon_core.package_discovery:discover_packages(path) using defaults
[4.299s] Level 1:colcon.colcon_core.package_discovery:discover_packages(prefix_path) check parameters
[4.299s] Level 1:colcon.colcon_core.package_discovery:discover_packages(prefix_path) discover
[4.361s] DEBUG:colcon.colcon_installed_package_information.package_discovery:Found 3 installed packages in /home/prince/Desktop/ros2_2ndsem/install
[4.363s] DEBUG:colcon.colcon_installed_package_information.package_discovery:Found 2 installed packages in /home/prince/ros2_ws/install
[4.380s] DEBUG:colcon.colcon_installed_package_information.package_discovery:Found 312 installed packages in /opt/ros/jazzy
[4.383s] Level 1:colcon.colcon_core.package_discovery:discover_packages(prefix_path) using defaults
[4.651s] Level 5:colcon.colcon_core.verb:set package 'my_robot_description' build argument 'cmake_args' from command line to 'None'
[4.651s] Level 5:colcon.colcon_core.verb:set package 'my_robot_description' build argument 'cmake_target' from command line to 'None'
[4.651s] Level 5:colcon.colcon_core.verb:set package 'my_robot_description' build argument 'cmake_target_skip_unavailable' from command line to 'False'
[4.651s] Level 5:colcon.colcon_core.verb:set package 'my_robot_description' build argument 'cmake_clean_cache' from command line to 'False'
[4.651s] Level 5:colcon.colcon_core.verb:set package 'my_robot_description' build argument 'cmake_clean_first' from command line to 'False'
[4.651s] Level 5:colcon.colcon_core.verb:set package 'my_robot_description' build argument 'cmake_force_configure' from command line to 'False'
[4.651s] Level 5:colcon.colcon_core.verb:set package 'my_robot_description' build argument 'ament_cmake_args' from command line to 'None'
[4.651s] Level 5:colcon.colcon_core.verb:set package 'my_robot_description' build argument 'catkin_cmake_args' from command line to 'None'
[4.651s] Level 5:colcon.colcon_core.verb:set package 'my_robot_description' build argument 'catkin_skip_building_tests' from command line to 'False'
[4.651s] DEBUG:colcon.colcon_core.verb:Building package 'my_robot_description' with the following arguments: {'ament_cmake_args': None, 'build_base': '/home/prince/Desktop/ros2_2ndsem/build/my_robot_description', 'catkin_cmake_args': None, 'catkin_skip_building_tests': False, 'cmake_args': None, 'cmake_clean_cache': False, 'cmake_clean_first': False, 'cmake_force_configure': False, 'cmake_target': None, 'cmake_target_skip_unavailable': False, 'install_base': '/home/prince/Desktop/ros2_2ndsem/install/my_robot_description', 'merge_install': False, 'path': '/home/prince/Desktop/ros2_2ndsem/src/my_robot_description', 'symlink_install': True, 'test_result_base': None}
[4.652s] Level 5:colcon.colcon_core.verb:set package 'my_robot_bringup' build argument 'cmake_args' from command line to 'None'
[4.652s] Level 5:colcon.colcon_core.verb:set package 'my_robot_bringup' build argument 'cmake_target' from command line to 'None'
[4.652s] Level 5:colcon.colcon_core.verb:set package 'my_robot_bringup' build argument 'cmake_target_skip_unavailable' from command line to 'False'
[4.652s] Level 5:colcon.colcon_core.verb:set package 'my_robot_bringup' build argument 'cmake_clean_cache' from command line to 'False'
[4.652s] Level 5:colcon.colcon_core.verb:set package 'my_robot_bringup' build argument 'cmake_clean_first' from command line to 'False'
[4.652s] Level 5:colcon.colcon_core.verb:set package 'my_robot_bringup' build argument 'cmake_force_configure' from command line to 'False'
[4.652s] Level 5:colcon.colcon_core.verb:set package 'my_robot_bringup' build argument 'ament_cmake_args' from command line to 'None'
[4.652s] Level 5:colcon.colcon_core.verb:set package 'my_robot_bringup' build argument 'catkin_cmake_args' from command line to 'None'
[4.652s] Level 5:colcon.colcon_core.verb:set package 'my_robot_bringup' build argument 'catkin_skip_building_tests' from command line to 'False'
[4.652s] DEBUG:colcon.colcon_core.verb:Building package 'my_robot_bringup' with the following arguments: {'ament_cmake_args': None, 'build_base': '/home/prince/Desktop/ros2_2ndsem/build/my_robot_bringup', 'catkin_cmake_args': None, 'catkin_skip_building_tests': False, 'cmake_args': None, 'cmake_clean_cache': False, 'cmake_clean_first': False, 'cmake_force_configure': False, 'cmake_target': None, 'cmake_target_skip_unavailable': False, 'install_base': '/home/prince/Desktop/ros2_2ndsem/install/my_robot_bringup', 'merge_install': False, 'path': '/home/prince/Desktop/ros2_2ndsem/src/my_robot_bringup', 'symlink_install': True, 'test_result_base': None}
[4.652s] INFO:colcon.colcon_core.executor:Executing jobs using 'parallel' executor
[4.653s] DEBUG:colcon.colcon_parallel_executor.executor.parallel:run_until_complete
[4.653s] INFO:colcon.colcon_ros.task.ament_cmake.build:Building ROS package in '/home/prince/Desktop/ros2_2ndsem/src/my_robot_description' with build type 'ament_cmake'
[4.654s] INFO:colcon.colcon_cmake.task.cmake.build:Building CMake package in '/home/prince/Desktop/ros2_2ndsem/src/my_robot_description'
[4.682s] INFO:colcon.colcon_core.plugin_system:Skipping extension 'colcon_core.shell.bat': Not used on non-Windows systems
[4.682s] INFO:colcon.colcon_core.shell:Skip shell extension 'powershell' for command environment: Not usable outside of PowerShell
[4.682s] DEBUG:colcon.colcon_core.shell:Skip shell extension 'dsv' for command environment
[4.753s] DEBUG:colcon.colcon_core.event_handler.log_command:Invoking command in '/home/prince/Desktop/ros2_2ndsem/build/my_robot_description': CMAKE_PREFIX_PATH=${CMAKE_PREFIX_PATH}:/home/prince/ros2_ws/install/my_py_pkg:/opt/ros/jazzy DEBUGINFOD_URLS=https://debuginfod.ubuntu.com /usr/bin/cmake /home/prince/Desktop/ros2_2ndsem/src/my_robot_description -DAMENT_CMAKE_SYMLINK_INSTALL=1 -DCMAKE_INSTALL_PREFIX=/home/prince/Desktop/ros2_2ndsem/install/my_robot_description
[5.805s] DEBUG:colcon.colcon_core.event_handler.log_command:Invoked command in '/home/prince/Desktop/ros2_2ndsem/build/my_robot_description' returned '0': CMAKE_PREFIX_PATH=${CMAKE_PREFIX_PATH}:/home/prince/ros2_ws/install/my_py_pkg:/opt/ros/jazzy DEBUGINFOD_URLS=https://debuginfod.ubuntu.com /usr/bin/cmake /home/prince/Desktop/ros2_2ndsem/src/my_robot_description -DAMENT_CMAKE_SYMLINK_INSTALL=1 -DCMAKE_INSTALL_PREFIX=/home/prince/Desktop/ros2_2ndsem/install/my_robot_description
[5.807s] DEBUG:colcon.colcon_core.event_handler.log_command:Invoking command in '/home/prince/Desktop/ros2_2ndsem/build/my_robot_description': CMAKE_PREFIX_PATH=${CMAKE_PREFIX_PATH}:/home/prince/ros2_ws/install/my_py_pkg:/opt/ros/jazzy DEBUGINFOD_URLS=https://debuginfod.ubuntu.com /usr/bin/cmake --build /home/prince/Desktop/ros2_2ndsem/build/my_robot_description -- -j4 -l4
[5.883s] DEBUG:colcon.colcon_core.event_handler.log_command:Invoked command in '/home/prince/Desktop/ros2_2ndsem/build/my_robot_description' returned '0': CMAKE_PREFIX_PATH=${CMAKE_PREFIX_PATH}:/home/prince/ros2_ws/install/my_py_pkg:/opt/ros/jazzy DEBUGINFOD_URLS=https://debuginfod.ubuntu.com /usr/bin/cmake --build /home/prince/Desktop/ros2_2ndsem/build/my_robot_description -- -j4 -l4
[5.897s] DEBUG:colcon.colcon_core.event_handler.log_command:Invoking command in '/home/prince/Desktop/ros2_2ndsem/build/my_robot_description': CMAKE_PREFIX_PATH=${CMAKE_PREFIX_PATH}:/home/prince/ros2_ws/install/my_py_pkg:/opt/ros/jazzy DEBUGINFOD_URLS=https://debuginfod.ubuntu.com /usr/bin/cmake --install /home/prince/Desktop/ros2_2ndsem/build/my_robot_description
[5.974s] Level 1:colcon.colcon_core.environment:create_environment_scripts_only(my_robot_description)
[5.975s] DEBUG:colcon.colcon_core.event_handler.log_command:Invoked command in '/home/prince/Desktop/ros2_2ndsem/build/my_robot_description' returned '0': CMAKE_PREFIX_PATH=${CMAKE_PREFIX_PATH}:/home/prince/ros2_ws/install/my_py_pkg:/opt/ros/jazzy DEBUGINFOD_URLS=https://debuginfod.ubuntu.com /usr/bin/cmake --install /home/prince/Desktop/ros2_2ndsem/build/my_robot_description
[6.036s] Level 1:colcon.colcon_core.environment:checking '/home/prince/Desktop/ros2_2ndsem/install/my_robot_description' for CMake module files
[6.037s] Level 1:colcon.colcon_core.environment:checking '/home/prince/Desktop/ros2_2ndsem/install/my_robot_description' for CMake config files
[6.049s] Level 1:colcon.colcon_core.shell:create_environment_hook('my_robot_description', 'cmake_prefix_path')
[6.050s] INFO:colcon.colcon_core.shell:Creating environment hook '/home/prince/Desktop/ros2_2ndsem/install/my_robot_description/share/my_robot_description/hook/cmake_prefix_path.ps1'
[6.062s] INFO:colcon.colcon_core.shell:Creating environment descriptor '/home/prince/Desktop/ros2_2ndsem/install/my_robot_description/share/my_robot_description/hook/cmake_prefix_path.dsv'
[6.074s] INFO:colcon.colcon_core.shell:Creating environment hook '/home/prince/Desktop/ros2_2ndsem/install/my_robot_description/share/my_robot_description/hook/cmake_prefix_path.sh'
[6.077s] Level 1:colcon.colcon_core.environment:checking '/home/prince/Desktop/ros2_2ndsem/install/my_robot_description/bin'
[6.077s] Level 1:colcon.colcon_core.environment:checking '/home/prince/Desktop/ros2_2ndsem/install/my_robot_description/lib/pkgconfig/my_robot_description.pc'
[6.078s] Level 1:colcon.colcon_core.environment:checking '/home/prince/Desktop/ros2_2ndsem/install/my_robot_description/lib/python3.12/site-packages'
[6.078s] Level 1:colcon.colcon_core.environment:checking '/home/prince/Desktop/ros2_2ndsem/install/my_robot_description/bin'
[6.079s] INFO:colcon.colcon_core.shell:Creating package script '/home/prince/Desktop/ros2_2ndsem/install/my_robot_description/share/my_robot_description/package.ps1'
[6.082s] INFO:colcon.colcon_core.shell:Creating package descriptor '/home/prince/Desktop/ros2_2ndsem/install/my_robot_description/share/my_robot_description/package.dsv'
[6.084s] INFO:colcon.colcon_core.shell:Creating package script '/home/prince/Desktop/ros2_2ndsem/install/my_robot_description/share/my_robot_description/package.sh'
[6.086s] INFO:colcon.colcon_core.shell:Creating package script '/home/prince/Desktop/ros2_2ndsem/install/my_robot_description/share/my_robot_description/package.bash'
[6.102s] INFO:colcon.colcon_core.shell:Creating package script '/home/prince/Desktop/ros2_2ndsem/install/my_robot_description/share/my_robot_description/package.zsh'
[6.116s] Level 1:colcon.colcon_core.environment:create_file_with_runtime_dependencies(/home/prince/Desktop/ros2_2ndsem/install/my_robot_description/share/colcon-core/packages/my_robot_description)
[6.118s] Level 1:colcon.colcon_core.environment:create_environment_scripts_only(my_robot_description)
[6.118s] Level 1:colcon.colcon_core.environment:checking '/home/prince/Desktop/ros2_2ndsem/install/my_robot_description' for CMake module files
[6.120s] Level 1:colcon.colcon_core.environment:checking '/home/prince/Desktop/ros2_2ndsem/install/my_robot_description' for CMake config files
[6.121s] Level 1:colcon.colcon_core.shell:create_environment_hook('my_robot_description', 'cmake_prefix_path')
[6.122s] INFO:colcon.colcon_core.shell:Creating environment hook '/home/prince/Desktop/ros2_2ndsem/install/my_robot_description/share/my_robot_description/hook/cmake_prefix_path.ps1'
[6.123s] INFO:colcon.colcon_core.shell:Creating environment descriptor '/home/prince/Desktop/ros2_2ndsem/install/my_robot_description/share/my_robot_description/hook/cmake_prefix_path.dsv'
[6.124s] INFO:colcon.colcon_core.shell:Creating environment hook '/home/prince/Desktop/ros2_2ndsem/install/my_robot_description/share/my_robot_description/hook/cmake_prefix_path.sh'
[6.126s] Level 1:colcon.colcon_core.environment:checking '/home/prince/Desktop/ros2_2ndsem/install/my_robot_description/bin'
[6.126s] Level 1:colcon.colcon_core.environment:checking '/home/prince/Desktop/ros2_2ndsem/install/my_robot_description/lib/pkgconfig/my_robot_description.pc'
[6.127s] Level 1:colcon.colcon_core.environment:checking '/home/prince/Desktop/ros2_2ndsem/install/my_robot_description/lib/python3.12/site-packages'
[6.128s] Level 1:colcon.colcon_core.environment:checking '/home/prince/Desktop/ros2_2ndsem/install/my_robot_description/bin'
[6.129s] INFO:colcon.colcon_core.shell:Creating package script '/home/prince/Desktop/ros2_2ndsem/install/my_robot_description/share/my_robot_description/package.ps1'
[6.130s] INFO:colcon.colcon_core.shell:Creating package descriptor '/home/prince/Desktop/ros2_2ndsem/install/my_robot_description/share/my_robot_description/package.dsv'
[6.132s] INFO:colcon.colcon_core.shell:Creating package script '/home/prince/Desktop/ros2_2ndsem/install/my_robot_description/share/my_robot_description/package.sh'
[6.133s] INFO:colcon.colcon_core.shell:Creating package script '/home/prince/Desktop/ros2_2ndsem/install/my_robot_description/share/my_robot_description/package.bash'
[6.134s] INFO:colcon.colcon_core.shell:Creating package script '/home/prince/Desktop/ros2_2ndsem/install/my_robot_description/share/my_robot_description/package.zsh'
[6.135s] Level 1:colcon.colcon_core.environment:create_file_with_runtime_dependencies(/home/prince/Desktop/ros2_2ndsem/install/my_robot_description/share/colcon-core/packages/my_robot_description)
[6.136s] INFO:colcon.colcon_ros.task.ament_cmake.build:Building ROS package in '/home/prince/Desktop/ros2_2ndsem/src/my_robot_bringup' with build type 'ament_cmake'
[6.136s] INFO:colcon.colcon_cmake.task.cmake.build:Building CMake package in '/home/prince/Desktop/ros2_2ndsem/src/my_robot_bringup'
[6.137s] INFO:colcon.colcon_core.shell:Skip shell extension 'powershell' for command environment: Not usable outside of PowerShell
[6.137s] DEBUG:colcon.colcon_core.shell:Skip shell extension 'dsv' for command environment
[6.201s] DEBUG:colcon.colcon_core.event_handler.log_command:Invoking command in '/home/prince/Desktop/ros2_2ndsem/build/my_robot_bringup': CMAKE_PREFIX_PATH=/home/prince/Desktop/ros2_2ndsem/install/my_robot_description:/home/prince/Desktop/ros2_2ndsem/install/my_robot_bringup:/home/prince/ros2_ws/install/my_pkg_cpp:/opt/ros/jazzy/opt/gz_sim_vendor:/opt/ros/jazzy/opt/gz_sensors_vendor:/opt/ros/jazzy/opt/gz_physics_vendor:/opt/ros/jazzy/opt/sdformat_vendor:/opt/ros/jazzy/opt/gz_gui_vendor:/opt/ros/jazzy/opt/gz_transport_vendor:/opt/ros/jazzy/opt/gz_rendering_vendor:/opt/ros/jazzy/opt/gz_plugin_vendor:/opt/ros/jazzy/opt/gz_fuel_tools_vendor:/opt/ros/jazzy/opt/gz_msgs_vendor:/opt/ros/jazzy/opt/gz_common_vendor:/opt/ros/jazzy/opt/gz_math_vendor:/opt/ros/jazzy/opt/gz_utils_vendor:/opt/ros/jazzy/opt/gz_tools_vendor:/opt/ros/jazzy/opt/gz_ogre_next_vendor:/opt/ros/jazzy/opt/gz_dartsim_vendor:/opt/ros/jazzy/opt/gz_cmake_vendor:/home/prince/ros2_ws/install/my_py_pkg:/opt/ros/jazzy DEBUGINFOD_URLS=https://debuginfod.ubuntu.com /usr/bin/cmake /home/prince/Desktop/ros2_2ndsem/src/my_robot_bringup -DAMENT_CMAKE_SYMLINK_INSTALL=1 -DCMAKE_INSTALL_PREFIX=/home/prince/Desktop/ros2_2ndsem/install/my_robot_bringup
[6.719s] DEBUG:colcon.colcon_core.event_handler.log_command:Invoked command in '/home/prince/Desktop/ros2_2ndsem/build/my_robot_bringup' returned '0': CMAKE_PREFIX_PATH=/home/prince/Desktop/ros2_2ndsem/install/my_robot_description:/home/prince/Desktop/ros2_2ndsem/install/my_robot_bringup:/home/prince/ros2_ws/install/my_pkg_cpp:/opt/ros/jazzy/opt/gz_sim_vendor:/opt/ros/jazzy/opt/gz_sensors_vendor:/opt/ros/jazzy/opt/gz_physics_vendor:/opt/ros/jazzy/opt/sdformat_vendor:/opt/ros/jazzy/opt/gz_gui_vendor:/opt/ros/jazzy/opt/gz_transport_vendor:/opt/ros/jazzy/opt/gz_rendering_vendor:/opt/ros/jazzy/opt/gz_plugin_vendor:/opt/ros/jazzy/opt/gz_fuel_tools_vendor:/opt/ros/jazzy/opt/gz_msgs_vendor:/opt/ros/jazzy/opt/gz_common_vendor:/opt/ros/jazzy/opt/gz_math_vendor:/opt/ros/jazzy/opt/gz_utils_vendor:/opt/ros/jazzy/opt/gz_tools_vendor:/opt/ros/jazzy/opt/gz_ogre_next_vendor:/opt/ros/jazzy/opt/gz_dartsim_vendor:/opt/ros/jazzy/opt/gz_cmake_vendor:/home/prince/ros2_ws/install/my_py_pkg:/opt/ros/jazzy DEBUGINFOD_URLS=https://debuginfod.ubuntu.com /usr/bin/cmake /home/prince/Desktop/ros2_2ndsem/src/my_robot_bringup -DAMENT_CMAKE_SYMLINK_INSTALL=1 -DCMAKE_INSTALL_PREFIX=/home/prince/Desktop/ros2_2ndsem/install/my_robot_bringup
[6.721s] DEBUG:colcon.colcon_core.event_handler.log_command:Invoking command in '/home/prince/Desktop/ros2_2ndsem/build/my_robot_bringup': CMAKE_PREFIX_PATH=/home/prince/Desktop/ros2_2ndsem/install/my_robot_description:/home/prince/Desktop/ros2_2ndsem/install/my_robot_bringup:/home/prince/ros2_ws/install/my_pkg_cpp:/opt/ros/jazzy/opt/gz_sim_vendor:/opt/ros/jazzy/opt/gz_sensors_vendor:/opt/ros/jazzy/opt/gz_physics_vendor:/opt/ros/jazzy/opt/sdformat_vendor:/opt/ros/jazzy/opt/gz_gui_vendor:/opt/ros/jazzy/opt/gz_transport_vendor:/opt/ros/jazzy/opt/gz_rendering_vendor:/opt/ros/jazzy/opt/gz_plugin_vendor:/opt/ros/jazzy/opt/gz_fuel_tools_vendor:/opt/ros/jazzy/opt/gz_msgs_vendor:/opt/ros/jazzy/opt/gz_common_vendor:/opt/ros/jazzy/opt/gz_math_vendor:/opt/ros/jazzy/opt/gz_utils_vendor:/opt/ros/jazzy/opt/gz_tools_vendor:/opt/ros/jazzy/opt/gz_ogre_next_vendor:/opt/ros/jazzy/opt/gz_dartsim_vendor:/opt/ros/jazzy/opt/gz_cmake_vendor:/home/prince/ros2_ws/install/my_py_pkg:/opt/ros/jazzy DEBUGINFOD_URLS=https://debuginfod.ubuntu.com /usr/bin/cmake --build /home/prince/Desktop/ros2_2ndsem/build/my_robot_bringup -- -j4 -l4
[6.775s] DEBUG:colcon.colcon_core.event_handler.log_command:Invoked command in '/home/prince/Desktop/ros2_2ndsem/build/my_robot_bringup' returned '0': CMAKE_PREFIX_PATH=/home/prince/Desktop/ros2_2ndsem/install/my_robot_description:/home/prince/Desktop/ros2_2ndsem/install/my_robot_bringup:/home/prince/ros2_ws/install/my_pkg_cpp:/opt/ros/jazzy/opt/gz_sim_vendor:/opt/ros/jazzy/opt/gz_sensors_vendor:/opt/ros/jazzy/opt/gz_physics_vendor:/opt/ros/jazzy/opt/sdformat_vendor:/opt/ros/jazzy/opt/gz_gui_vendor:/opt/ros/jazzy/opt/gz_transport_vendor:/opt/ros/jazzy/opt/gz_rendering_vendor:/opt/ros/jazzy/opt/gz_plugin_vendor:/opt/ros/jazzy/opt/gz_fuel_tools_vendor:/opt/ros/jazzy/opt/gz_msgs_vendor:/opt/ros/jazzy/opt/gz_common_vendor:/opt/ros/jazzy/opt/gz_math_vendor:/opt/ros/jazzy/opt/gz_utils_vendor:/opt/ros/jazzy/opt/gz_tools_vendor:/opt/ros/jazzy/opt/gz_ogre_next_vendor:/opt/ros/jazzy/opt/gz_dartsim_vendor:/opt/ros/jazzy/opt/gz_cmake_vendor:/home/prince/ros2_ws/install/my_py_pkg:/opt/ros/jazzy DEBUGINFOD_URLS=https://debuginfod.ubuntu.com /usr/bin/cmake --build /home/prince/Desktop/ros2_2ndsem/build/my_robot_bringup -- -j4 -l4
[6.785s] DEBUG:colcon.colcon_core.event_handler.log_command:Invoking command in '/home/prince/Desktop/ros2_2ndsem/build/my_robot_bringup': CMAKE_PREFIX_PATH=/home/prince/Desktop/ros2_2ndsem/install/my_robot_description:/home/prince/Desktop/ros2_2ndsem/install/my_robot_bringup:/home/prince/ros2_ws/install/my_pkg_cpp:/opt/ros/jazzy/opt/gz_sim_vendor:/opt/ros/jazzy/opt/gz_sensors_vendor:/opt/ros/jazzy/opt/gz_physics_vendor:/opt/ros/jazzy/opt/sdformat_vendor:/opt/ros/jazzy/opt/gz_gui_vendor:/opt/ros/jazzy/opt/gz_transport_vendor:/opt/ros/jazzy/opt/gz_rendering_vendor:/opt/ros/jazzy/opt/gz_plugin_vendor:/opt/ros/jazzy/opt/gz_fuel_tools_vendor:/opt/ros/jazzy/opt/gz_msgs_vendor:/opt/ros/jazzy/opt/gz_common_vendor:/opt/ros/jazzy/opt/gz_math_vendor:/opt/ros/jazzy/opt/gz_utils_vendor:/opt/ros/jazzy/opt/gz_tools_vendor:/opt/ros/jazzy/opt/gz_ogre_next_vendor:/opt/ros/jazzy/opt/gz_dartsim_vendor:/opt/ros/jazzy/opt/gz_cmake_vendor:/home/prince/ros2_ws/install/my_py_pkg:/opt/ros/jazzy DEBUGINFOD_URLS=https://debuginfod.ubuntu.com /usr/bin/cmake --install /home/prince/Desktop/ros2_2ndsem/build/my_robot_bringup
[6.858s] Level 1:colcon.colcon_core.environment:create_environment_scripts_only(my_robot_bringup)
[6.858s] Level 1:colcon.colcon_core.environment:checking '/home/prince/Desktop/ros2_2ndsem/install/my_robot_bringup' for CMake module files
[6.859s] DEBUG:colcon.colcon_core.event_handler.log_command:Invoked command in '/home/prince/Desktop/ros2_2ndsem/build/my_robot_bringup' returned '0': CMAKE_PREFIX_PATH=/home/prince/Desktop/ros2_2ndsem/install/my_robot_description:/home/prince/Desktop/ros2_2ndsem/install/my_robot_bringup:/home/prince/ros2_ws/install/my_pkg_cpp:/opt/ros/jazzy/opt/gz_sim_vendor:/opt/ros/jazzy/opt/gz_sensors_vendor:/opt/ros/jazzy/opt/gz_physics_vendor:/opt/ros/jazzy/opt/sdformat_vendor:/opt/ros/jazzy/opt/gz_gui_vendor:/opt/ros/jazzy/opt/gz_transport_vendor:/opt/ros/jazzy/opt/gz_rendering_vendor:/opt/ros/jazzy/opt/gz_plugin_vendor:/opt/ros/jazzy/opt/gz_fuel_tools_vendor:/opt/ros/jazzy/opt/gz_msgs_vendor:/opt/ros/jazzy/opt/gz_common_vendor:/opt/ros/jazzy/opt/gz_math_vendor:/opt/ros/jazzy/opt/gz_utils_vendor:/opt/ros/jazzy/opt/gz_tools_vendor:/opt/ros/jazzy/opt/gz_ogre_next_vendor:/opt/ros/jazzy/opt/gz_dartsim_vendor:/opt/ros/jazzy/opt/gz_cmake_vendor:/home/prince/ros2_ws/install/my_py_pkg:/opt/ros/jazzy DEBUGINFOD_URLS=https://debuginfod.ubuntu.com /usr/bin/cmake --install /home/prince/Desktop/ros2_2ndsem/build/my_robot_bringup
[6.860s] Level 1:colcon.colcon_core.environment:checking '/home/prince/Desktop/ros2_2ndsem/install/my_robot_bringup' for CMake config files
[6.873s] Level 1:colcon.colcon_core.shell:create_environment_hook('my_robot_bringup', 'cmake_prefix_path')
[6.873s] INFO:colcon.colcon_core.shell:Creating environment hook '/home/prince/Desktop/ros2_2ndsem/install/my_robot_bringup/share/my_robot_bringup/hook/cmake_prefix_path.ps1'
[6.874s] INFO:colcon.colcon_core.shell:Creating environment descriptor '/home/prince/Desktop/ros2_2ndsem/install/my_robot_bringup/share/my_robot_bringup/hook/cmake_prefix_path.dsv'
[6.874s] INFO:colcon.colcon_core.shell:Creating environment hook '/home/prince/Desktop/ros2_2ndsem/install/my_robot_bringup/share/my_robot_bringup/hook/cmake_prefix_path.sh'
[6.875s] Level 1:colcon.colcon_core.environment:checking '/home/prince/Desktop/ros2_2ndsem/install/my_robot_bringup/bin'
[6.875s] Level 1:colcon.colcon_core.environment:checking '/home/prince/Desktop/ros2_2ndsem/install/my_robot_bringup/lib/pkgconfig/my_robot_bringup.pc'
[6.876s] Level 1:colcon.colcon_core.environment:checking '/home/prince/Desktop/ros2_2ndsem/install/my_robot_bringup/lib/python3.12/site-packages'
[6.876s] Level 1:colcon.colcon_core.environment:checking '/home/prince/Desktop/ros2_2ndsem/install/my_robot_bringup/bin'
[6.876s] INFO:colcon.colcon_core.shell:Creating package script '/home/prince/Desktop/ros2_2ndsem/install/my_robot_bringup/share/my_robot_bringup/package.ps1'
[6.877s] INFO:colcon.colcon_core.shell:Creating package descriptor '/home/prince/Desktop/ros2_2ndsem/install/my_robot_bringup/share/my_robot_bringup/package.dsv'
[6.877s] INFO:colcon.colcon_core.shell:Creating package script '/home/prince/Desktop/ros2_2ndsem/install/my_robot_bringup/share/my_robot_bringup/package.sh'
[6.878s] INFO:colcon.colcon_core.shell:Creating package script '/home/prince/Desktop/ros2_2ndsem/install/my_robot_bringup/share/my_robot_bringup/package.bash'
[6.879s] INFO:colcon.colcon_core.shell:Creating package script '/home/prince/Desktop/ros2_2ndsem/install/my_robot_bringup/share/my_robot_bringup/package.zsh'
[6.880s] Level 1:colcon.colcon_core.environment:create_file_with_runtime_dependencies(/home/prince/Desktop/ros2_2ndsem/install/my_robot_bringup/share/colcon-core/packages/my_robot_bringup)
[6.882s] Level 1:colcon.colcon_core.environment:create_environment_scripts_only(my_robot_bringup)
[6.882s] Level 1:colcon.colcon_core.environment:checking '/home/prince/Desktop/ros2_2ndsem/install/my_robot_bringup' for CMake module files
[6.884s] Level 1:colcon.colcon_core.environment:checking '/home/prince/Desktop/ros2_2ndsem/install/my_robot_bringup' for CMake config files
[6.885s] Level 1:colcon.colcon_core.shell:create_environment_hook('my_robot_bringup', 'cmake_prefix_path')
[6.886s] INFO:colcon.colcon_core.shell:Creating environment hook '/home/prince/Desktop/ros2_2ndsem/install/my_robot_bringup/share/my_robot_bringup/hook/cmake_prefix_path.ps1'
[6.886s] INFO:colcon.colcon_core.shell:Creating environment descriptor '/home/prince/Desktop/ros2_2ndsem/install/my_robot_bringup/share/my_robot_bringup/hook/cmake_prefix_path.dsv'
[6.887s] INFO:colcon.colcon_core.shell:Creating environment hook '/home/prince/Desktop/ros2_2ndsem/install/my_robot_bringup/share/my_robot_bringup/hook/cmake_prefix_path.sh'
[6.887s] Level 1:colcon.colcon_core.environment:checking '/home/prince/Desktop/ros2_2ndsem/install/my_robot_bringup/bin'
[6.888s] Level 1:colcon.colcon_core.environment:checking '/home/prince/Desktop/ros2_2ndsem/install/my_robot_bringup/lib/pkgconfig/my_robot_bringup.pc'
[6.888s] Level 1:colcon.colcon_core.environment:checking '/home/prince/Desktop/ros2_2ndsem/install/my_robot_bringup/lib/python3.12/site-packages'
[6.888s] Level 1:colcon.colcon_core.environment:checking '/home/prince/Desktop/ros2_2ndsem/install/my_robot_bringup/bin'
[6.888s] INFO:colcon.colcon_core.shell:Creating package script '/home/prince/Desktop/ros2_2ndsem/install/my_robot_bringup/share/my_robot_bringup/package.ps1'
[6.889s] INFO:colcon.colcon_core.shell:Creating package descriptor '/home/prince/Desktop/ros2_2ndsem/install/my_robot_bringup/share/my_robot_bringup/package.dsv'
[6.890s] INFO:colcon.colcon_core.shell:Creating package script '/home/prince/Desktop/ros2_2ndsem/install/my_robot_bringup/share/my_robot_bringup/package.sh'
[6.890s] INFO:colcon.colcon_core.shell:Creating package script '/home/prince/Desktop/ros2_2ndsem/install/my_robot_bringup/share/my_robot_bringup/package.bash'
[6.891s] INFO:colcon.colcon_core.shell:Creating package script '/home/prince/Desktop/ros2_2ndsem/install/my_robot_bringup/share/my_robot_bringup/package.zsh'
[6.892s] Level 1:colcon.colcon_core.environment:create_file_with_runtime_dependencies(/home/prince/Desktop/ros2_2ndsem/install/my_robot_bringup/share/colcon-core/packages/my_robot_bringup)
[6.893s] DEBUG:colcon.colcon_parallel_executor.executor.parallel:closing loop
[6.894s] DEBUG:colcon.colcon_parallel_executor.executor.parallel:loop closed
[6.894s] DEBUG:colcon.colcon_parallel_executor.executor.parallel:run_until_complete finished with '0'
[6.894s] DEBUG:colcon.colcon_core.event_reactor:joining thread
[6.982s] INFO:colcon.colcon_core.plugin_system:Skipping extension 'colcon_notification.desktop_notification.terminal_notifier': Not used on non-Darwin systems
[6.983s] INFO:colcon.colcon_core.plugin_system:Skipping extension 'colcon_notification.desktop_notification.win32': Not used on non-Windows systems
[6.983s] INFO:colcon.colcon_notification.desktop_notification:Sending desktop notification using 'notify2'
[7.132s] DEBUG:colcon.colcon_core.event_reactor:joined thread
[7.133s] INFO:colcon.colcon_core.shell:Creating prefix script '/home/prince/Desktop/ros2_2ndsem/install/local_setup.ps1'
[7.136s] INFO:colcon.colcon_core.shell:Creating prefix util module '/home/prince/Desktop/ros2_2ndsem/install/_local_setup_util_ps1.py'
[7.138s] INFO:colcon.colcon_core.shell:Creating prefix chain script '/home/prince/Desktop/ros2_2ndsem/install/setup.ps1'
[7.139s] INFO:colcon.colcon_core.shell:Creating prefix script '/home/prince/Desktop/ros2_2ndsem/install/local_setup.sh'
[7.140s] INFO:colcon.colcon_core.shell:Creating prefix util module '/home/prince/Desktop/ros2_2ndsem/install/_local_setup_util_sh.py'
[7.141s] INFO:colcon.colcon_core.shell:Creating prefix chain script '/home/prince/Desktop/ros2_2ndsem/install/setup.sh'
[7.144s] INFO:colcon.colcon_core.shell:Creating prefix script '/home/prince/Desktop/ros2_2ndsem/install/local_setup.bash'
[7.185s] INFO:colcon.colcon_core.shell:Creating prefix chain script '/home/prince/Desktop/ros2_2ndsem/install/setup.bash'
[7.190s] INFO:colcon.colcon_core.shell:Creating prefix script '/home/prince/Desktop/ros2_2ndsem/install/local_setup.zsh'
[7.208s] INFO:colcon.colcon_core.shell:Creating prefix chain script '/home/prince/Desktop/ros2_2ndsem/install/setup.zsh'
