[0.062s] Invoking command in '/home/prince/Desktop/ros2_2ndsem/build/my_robot_description': CMAKE_PREFIX_PATH=${CMAKE_PREFIX_PATH}:/home/prince/ros2_ws/install/my_py_pkg:/opt/ros/jazzy DEBUGINFOD_URLS=https://debuginfod.ubuntu.com /usr/bin/cmake /home/prince/Desktop/ros2_2ndsem/src/my_robot_description -DCMAKE_INSTALL_PREFIX=/home/prince/Desktop/ros2_2ndsem/install/my_robot_description
[0.324s] -- Found ament_cmake: 2.5.3 (/opt/ros/jazzy/share/ament_cmake/cmake)
[0.793s] -- Override CMake install command with custom implementation using symlinks instead of copying resources
[1.026s] -- Configuring done (0.9s)
[1.108s] -- Generating done (0.0s)
[1.112s] -- Build files have been written to: /home/prince/Desktop/ros2_2ndsem/build/my_robot_description
[1.117s] Invoked command in '/home/prince/Desktop/ros2_2ndsem/build/my_robot_description' returned '0': CMAKE_PREFIX_PATH=${CMAKE_PREFIX_PATH}:/home/prince/ros2_ws/install/my_py_pkg:/opt/ros/jazzy DEBUGINFOD_URLS=https://debuginfod.ubuntu.com /usr/bin/cmake /home/prince/Desktop/ros2_2ndsem/src/my_robot_description -DCMAKE_INSTALL_PREFIX=/home/prince/Desktop/ros2_2ndsem/install/my_robot_description
[1.119s] Invoking command in '/home/prince/Desktop/ros2_2ndsem/build/my_robot_description': CMAKE_PREFIX_PATH=${CMAKE_PREFIX_PATH}:/home/prince/ros2_ws/install/my_py_pkg:/opt/ros/jazzy DEBUGINFOD_URLS=https://debuginfod.ubuntu.com /usr/bin/cmake --build /home/prince/Desktop/ros2_2ndsem/build/my_robot_description -- -j4 -l4
[1.201s] Invoked command in '/home/prince/Desktop/ros2_2ndsem/build/my_robot_description' returned '0': CMAKE_PREFIX_PATH=${CMAKE_PREFIX_PATH}:/home/prince/ros2_ws/install/my_py_pkg:/opt/ros/jazzy DEBUGINFOD_URLS=https://debuginfod.ubuntu.com /usr/bin/cmake --build /home/prince/Desktop/ros2_2ndsem/build/my_robot_description -- -j4 -l4
[1.216s] Invoking command in '/home/prince/Desktop/ros2_2ndsem/build/my_robot_description': CMAKE_PREFIX_PATH=${CMAKE_PREFIX_PATH}:/home/prince/ros2_ws/install/my_py_pkg:/opt/ros/jazzy DEBUGINFOD_URLS=https://debuginfod.ubuntu.com /usr/bin/cmake --install /home/prince/Desktop/ros2_2ndsem/build/my_robot_description
[1.227s] -- Install configuration: ""
[1.227s] -- Execute custom install script
[1.228s] -- Up-to-date symlink: /home/prince/Desktop/ros2_2ndsem/install/my_robot_description/share/my_robot_description//urdf/common_properties.xacro
[1.228s] -- Up-to-date symlink: /home/prince/Desktop/ros2_2ndsem/install/my_robot_description/share/my_robot_description//urdf/mobile_base.xacro
[1.229s] -- Up-to-date symlink: /home/prince/Desktop/ros2_2ndsem/install/my_robot_description/share/my_robot_description//urdf/mobile_base_gazebo.xacro
[1.229s] -- Up-to-date symlink: /home/prince/Desktop/ros2_2ndsem/install/my_robot_description/share/my_robot_description//urdf/my_robot.urdf.xacro
[1.229s] -- Up-to-date symlink: /home/prince/Desktop/ros2_2ndsem/install/my_robot_description/share/my_robot_description//rviz/urdf_config.rviz
[1.230s] -- Up-to-date symlink: /home/prince/Desktop/ros2_2ndsem/install/my_robot_description/share/my_robot_description//launch/display.launch.py
[1.230s] -- Up-to-date symlink: /home/prince/Desktop/ros2_2ndsem/install/my_robot_description/share/my_robot_description//launch/display.launch.xml
[1.231s] -- Up-to-date symlink: /home/prince/Desktop/ros2_2ndsem/install/my_robot_description/share/ament_index/resource_index/package_run_dependencies/my_robot_description
[1.231s] -- Up-to-date symlink: /home/prince/Desktop/ros2_2ndsem/install/my_robot_description/share/ament_index/resource_index/parent_prefix_path/my_robot_description
[1.232s] -- Up-to-date symlink: /home/prince/Desktop/ros2_2ndsem/install/my_robot_description/share/my_robot_description/environment/ament_prefix_path.sh
[1.232s] -- Up-to-date symlink: /home/prince/Desktop/ros2_2ndsem/install/my_robot_description/share/my_robot_description/environment/ament_prefix_path.dsv
[1.232s] -- Up-to-date symlink: /home/prince/Desktop/ros2_2ndsem/install/my_robot_description/share/my_robot_description/environment/path.sh
[1.233s] -- Up-to-date symlink: /home/prince/Desktop/ros2_2ndsem/install/my_robot_description/share/my_robot_description/environment/path.dsv
[1.233s] -- Up-to-date symlink: /home/prince/Desktop/ros2_2ndsem/install/my_robot_description/share/my_robot_description/local_setup.bash
[1.233s] -- Up-to-date symlink: /home/prince/Desktop/ros2_2ndsem/install/my_robot_description/share/my_robot_description/local_setup.sh
[1.245s] -- Up-to-date symlink: /home/prince/Desktop/ros2_2ndsem/install/my_robot_description/share/my_robot_description/local_setup.zsh
[1.245s] -- Up-to-date symlink: /home/prince/Desktop/ros2_2ndsem/install/my_robot_description/share/my_robot_description/local_setup.dsv
[1.245s] -- Symlinking: /home/prince/Desktop/ros2_2ndsem/install/my_robot_description/share/my_robot_description/package.dsv
[1.272s] -- Up-to-date symlink: /home/prince/Desktop/ros2_2ndsem/install/my_robot_description/share/ament_index/resource_index/packages/my_robot_description
[1.272s] -- Up-to-date symlink: /home/prince/Desktop/ros2_2ndsem/install/my_robot_description/share/my_robot_description/cmake/my_robot_descriptionConfig.cmake
[1.272s] -- Up-to-date symlink: /home/prince/Desktop/ros2_2ndsem/install/my_robot_description/share/my_robot_description/cmake/my_robot_descriptionConfig-version.cmake
[1.272s] -- Up-to-date symlink: /home/prince/Desktop/ros2_2ndsem/install/my_robot_description/share/my_robot_description/package.xml
[1.275s] Invoked command in '/home/prince/Desktop/ros2_2ndsem/build/my_robot_description' returned '0': CMAKE_PREFIX_PATH=${CMAKE_PREFIX_PATH}:/home/prince/ros2_ws/install/my_py_pkg:/opt/ros/jazzy DEBUGINFOD_URLS=https://debuginfod.ubuntu.com /usr/bin/cmake --install /home/prince/Desktop/ros2_2ndsem/build/my_robot_description
